[2024-03-02 18:06:07,046] 28 root -INFO Data Ingestion Method Started
[2024-03-02 18:06:07,048] 31 root -INFO Data Reading As Panda DataFraom
[2024-03-02 18:06:07,050] 36 root -INFO Train Test Split
[2024-03-02 18:06:07,055] 42 root -INFO data ingestion Complites
[2024-03-02 18:06:07,063] 66 root -INFO Read Traning and TEst Data Complited
[2024-03-02 18:06:07,067] 67 root -INFO Train DataFrame Head : 
   Gender  Age  ShoulderWidth  ChestWidth   Waist   Hips   ShoulderToWaist   body shape   clothing style
0       1   29             28           17      21     30                25      V-shape             NaN
1       2   23             18           16      25     30                21         Pear             NaN
2       2   18             15           15      38     40                18  Rectangular             NaN
3       2   27             19           16      19     21                24         Pear             NaN
4       2   16             13           26      27     26                16  Rectangular             NaN
[2024-03-02 18:06:07,070] 68 root -INFO Test DataFrame Head : 
   Gender  Age  ShoulderWidth  ChestWidth   Waist   Hips   ShoulderToWaist  body shape   clothing style
0       2   24             20           18      18     35                20        Pear             NaN
1       2   28             19           16      24     17                24   Hourglass             NaN
2       1   30             18           12      32     16                20     V-shape             NaN
3       2   44             16           10      20     16                19   Hourglass             NaN
4       2   22             28           19      22     26                27        Pear             NaN
[2024-03-02 18:06:07,070] 70 root -INFO Obtaning Prrprocessor Object
[2024-03-02 18:06:07,070] 32 root -INFO Data Transformation Started
[2024-03-02 18:06:07,070] 37 root -INFO Pipline Started
[2024-03-02 18:06:07,080] 93 root -INFO Apply Preprocessor Object on train and test Data
[2024-03-02 18:06:07,081] 105 root -INFO Preproccsing Pickel File Save
[2024-03-02 18:06:07,081] 30 root -INFO Split Dependent And Independent Features
[2024-03-02 18:06:33,586] 90 root -INFO Best Model Found, Model Name is: Random Forest,Accuracy_Score: 0.45454545454545453
