[2024-05-02 17:54:45,951] 224 werkzeug -WARNING  * Debugger is active!
[2024-05-02 17:54:45,970] 224 werkzeug -INFO  * Debugger PIN: 118-119-026
[2024-05-02 17:54:46,061] 224 werkzeug -INFO  * Detected change in 'C:\\Users\\user\\Desktop\\BE Project\\env\\Lib\\idlelib\\calltip_w.py', reloading
[2024-05-02 17:54:46,061] 224 werkzeug -INFO  * Detected change in 'c:\\users\\user\\desktop\\be project\\env\\Lib\\idlelib\\calltip_w.py', reloading
[2024-05-02 17:54:46,089] 224 werkzeug -INFO  * Detected change in 'C:\\Users\\user\\Desktop\\BE Project\\env\\Lib\\idlelib\\codecontext.py', reloading
[2024-05-02 17:54:46,089] 224 werkzeug -INFO  * Detected change in 'c:\\users\\user\\desktop\\be project\\env\\Lib\\idlelib\\codecontext.py', reloading
[2024-05-02 17:54:46,139] 224 werkzeug -INFO  * Detected change in 'C:\\Users\\user\\Desktop\\BE Project\\env\\Lib\\idlelib\\colorizer.py', reloading
[2024-05-02 17:54:46,139] 224 werkzeug -INFO  * Detected change in 'c:\\users\\user\\desktop\\be project\\env\\Lib\\idlelib\\colorizer.py', reloading
[2024-05-02 17:54:46,165] 224 werkzeug -INFO  * Detected change in 'c:\\users\\user\\desktop\\be project\\env\\Lib\\idlelib\\config.py', reloading
[2024-05-02 17:54:46,165] 224 werkzeug -INFO  * Detected change in 'C:\\Users\\user\\Desktop\\BE Project\\env\\Lib\\idlelib\\config.py', reloading
[2024-05-02 17:54:46,196] 224 werkzeug -INFO  * Detected change in 'C:\\Users\\user\\Desktop\\BE Project\\env\\Lib\\idlelib\\config_key.py', reloading
[2024-05-02 17:54:46,196] 224 werkzeug -INFO  * Detected change in 'c:\\users\\user\\desktop\\be project\\env\\Lib\\idlelib\\config_key.py', reloading
[2024-05-02 17:54:46,227] 224 werkzeug -INFO  * Detected change in 'c:\\users\\user\\desktop\\be project\\env\\Lib\\idlelib\\configdialog.py', reloading
[2024-05-02 17:54:46,227] 224 werkzeug -INFO  * Detected change in 'C:\\Users\\user\\Desktop\\BE Project\\env\\Lib\\idlelib\\configdialog.py', reloading
[2024-05-02 17:54:46,296] 224 werkzeug -INFO  * Detected change in 'C:\\Users\\user\\Desktop\\BE Project\\env\\Lib\\idlelib\\debugger.py', reloading
[2024-05-02 17:54:46,296] 224 werkzeug -INFO  * Detected change in 'c:\\users\\user\\desktop\\be project\\env\\Lib\\idlelib\\debugger.py', reloading
[2024-05-02 17:54:46,365] 224 werkzeug -INFO  * Detected change in 'c:\\users\\user\\desktop\\be project\\env\\Lib\\idlelib\\debugger_r.py', reloading
[2024-05-02 17:54:46,365] 224 werkzeug -INFO  * Detected change in 'C:\\Users\\user\\Desktop\\BE Project\\env\\Lib\\idlelib\\debugger_r.py', reloading
[2024-05-02 17:54:46,397] 224 werkzeug -INFO  * Detected change in 'c:\\users\\user\\desktop\\be project\\env\\Lib\\idlelib\\debugobj.py', reloading
[2024-05-02 17:54:46,397] 224 werkzeug -INFO  * Detected change in 'C:\\Users\\user\\Desktop\\BE Project\\env\\Lib\\idlelib\\debugobj.py', reloading
[2024-05-02 17:54:46,444] 224 werkzeug -INFO  * Detected change in 'C:\\Users\\user\\Desktop\\BE Project\\env\\Lib\\idlelib\\debugobj_r.py', reloading
[2024-05-02 17:54:46,444] 224 werkzeug -INFO  * Detected change in 'c:\\users\\user\\desktop\\be project\\env\\Lib\\idlelib\\debugobj_r.py', reloading
[2024-05-02 17:54:46,450] 224 werkzeug -INFO  * Detected change in 'c:\\users\\user\\desktop\\be project\\env\\Lib\\idlelib\\delegator.py', reloading
[2024-05-02 17:54:46,450] 224 werkzeug -INFO  * Detected change in 'C:\\Users\\user\\Desktop\\BE Project\\env\\Lib\\idlelib\\delegator.py', reloading
[2024-05-02 17:54:46,466] 224 werkzeug -INFO  * Detected change in 'c:\\users\\user\\desktop\\be project\\env\\Lib\\idlelib\\dynoption.py', reloading
[2024-05-02 17:54:46,466] 224 werkzeug -INFO  * Detected change in 'C:\\Users\\user\\Desktop\\BE Project\\env\\Lib\\idlelib\\dynoption.py', reloading
[2024-05-02 17:54:46,481] 224 werkzeug -INFO  * Detected change in 'c:\\users\\user\\desktop\\be project\\env\\Lib\\idlelib\\editor.py', reloading
[2024-05-02 17:54:46,481] 224 werkzeug -INFO  * Detected change in 'C:\\Users\\user\\Desktop\\BE Project\\env\\Lib\\idlelib\\editor.py', reloading
[2024-05-02 17:54:46,550] 224 werkzeug -INFO  * Detected change in 'c:\\users\\user\\desktop\\be project\\env\\Lib\\idlelib\\filelist.py', reloading
[2024-05-02 17:54:46,550] 224 werkzeug -INFO  * Detected change in 'C:\\Users\\user\\Desktop\\BE Project\\env\\Lib\\idlelib\\filelist.py', reloading
[2024-05-02 17:54:46,566] 224 werkzeug -INFO  * Detected change in 'C:\\Users\\user\\Desktop\\BE Project\\env\\Lib\\idlelib\\format.py', reloading
[2024-05-02 17:54:46,566] 224 werkzeug -INFO  * Detected change in 'c:\\users\\user\\desktop\\be project\\env\\Lib\\idlelib\\format.py', reloading
[2024-05-02 17:54:46,613] 224 werkzeug -INFO  * Detected change in 'c:\\users\\user\\desktop\\be project\\env\\Lib\\idlelib\\grep.py', reloading
[2024-05-02 17:54:46,613] 224 werkzeug -INFO  * Detected change in 'C:\\Users\\user\\Desktop\\BE Project\\env\\Lib\\idlelib\\grep.py', reloading
[2024-05-02 17:54:46,667] 224 werkzeug -INFO  * Detected change in 'c:\\users\\user\\desktop\\be project\\env\\Lib\\idlelib\\help.py', reloading
[2024-05-02 17:54:46,667] 224 werkzeug -INFO  * Detected change in 'C:\\Users\\user\\Desktop\\BE Project\\env\\Lib\\idlelib\\help.py', reloading
[2024-05-02 17:54:46,682] 224 werkzeug -INFO  * Detected change in 'c:\\users\\user\\desktop\\be project\\env\\Lib\\idlelib\\help_about.py', reloading
[2024-05-02 17:54:46,682] 224 werkzeug -INFO  * Detected change in 'C:\\Users\\user\\Desktop\\BE Project\\env\\Lib\\idlelib\\help_about.py', reloading
[2024-05-02 17:54:46,714] 224 werkzeug -INFO  * Detected change in 'C:\\Users\\user\\Desktop\\BE Project\\env\\Lib\\idlelib\\history.py', reloading
[2024-05-02 17:54:46,714] 224 werkzeug -INFO  * Detected change in 'c:\\users\\user\\desktop\\be project\\env\\Lib\\idlelib\\history.py', reloading
[2024-05-02 17:54:46,729] 224 werkzeug -INFO  * Detected change in 'C:\\Users\\user\\Desktop\\BE Project\\env\\Lib\\idlelib\\hyperparser.py', reloading
[2024-05-02 17:54:46,729] 224 werkzeug -INFO  * Detected change in 'c:\\users\\user\\desktop\\be project\\env\\Lib\\idlelib\\hyperparser.py', reloading
[2024-05-02 17:54:46,745] 224 werkzeug -INFO  * Detected change in 'C:\\Users\\user\\Desktop\\BE Project\\env\\Lib\\idlelib\\idle.py', reloading
[2024-05-02 17:54:46,745] 224 werkzeug -INFO  * Detected change in 'c:\\users\\user\\desktop\\be project\\env\\Lib\\idlelib\\idle.py', reloading
[2024-05-02 17:54:46,783] 224 werkzeug -INFO  * Detected change in 'c:\\users\\user\\desktop\\be project\\env\\Lib\\idlelib\\iomenu.py', reloading
[2024-05-02 17:54:46,783] 224 werkzeug -INFO  * Detected change in 'C:\\Users\\user\\Desktop\\BE Project\\env\\Lib\\idlelib\\iomenu.py', reloading
[2024-05-02 17:54:46,815] 224 werkzeug -INFO  * Detected change in 'c:\\users\\user\\desktop\\be project\\env\\Lib\\idlelib\\macosx.py', reloading
[2024-05-02 17:54:46,815] 224 werkzeug -INFO  * Detected change in 'C:\\Users\\user\\Desktop\\BE Project\\env\\Lib\\idlelib\\macosx.py', reloading
[2024-05-02 17:54:47,000] 224 werkzeug -INFO  * Detected change in 'c:\\users\\user\\desktop\\be project\\env\\Lib\\idlelib\\mainmenu.py', reloading
[2024-05-02 17:54:47,000] 224 werkzeug -INFO  * Detected change in 'C:\\Users\\user\\Desktop\\BE Project\\env\\Lib\\idlelib\\mainmenu.py', reloading
[2024-05-02 17:54:47,000] 224 werkzeug -INFO  * Detected change in 'c:\\users\\user\\desktop\\be project\\env\\Lib\\idlelib\\multicall.py', reloading
[2024-05-02 17:54:47,000] 224 werkzeug -INFO  * Detected change in 'C:\\Users\\user\\Desktop\\BE Project\\env\\Lib\\idlelib\\multicall.py', reloading
[2024-05-02 17:54:47,031] 224 werkzeug -INFO  * Detected change in 'c:\\users\\user\\desktop\\be project\\env\\Lib\\idlelib\\outwin.py', reloading
[2024-05-02 17:54:47,031] 224 werkzeug -INFO  * Detected change in 'C:\\Users\\user\\Desktop\\BE Project\\env\\Lib\\idlelib\\outwin.py', reloading
