[2024-03-02 18:03:16,721] 28 root -INFO Data Ingestion Method Started
[2024-03-02 18:03:16,730] 31 root -INFO Data Reading As Panda DataFraom
[2024-03-02 18:03:16,734] 36 root -INFO Train Test Split
[2024-03-02 18:03:16,738] 42 root -INFO data ingestion Complites
[2024-03-02 18:03:16,752] 66 root -INFO Read Traning and TEst Data Complited
[2024-03-02 18:03:16,754] 67 root -INFO Train DataFrame Head : 
   Gender  Age  ShoulderWidth  ChestWidth   Waist   Hips   ShoulderToWaist   body shape   clothing style
0       1   29             28           17      21     30                25      V-shape             NaN
1       2   23             18           16      25     30                21         Pear             NaN
2       2   18             15           15      38     40                18  Rectangular             NaN
3       2   27             19           16      19     21                24         Pear             NaN
4       2   16             13           26      27     26                16  Rectangular             NaN
[2024-03-02 18:03:16,756] 68 root -INFO Test DataFrame Head : 
   Gender  Age  ShoulderWidth  ChestWidth   Waist   Hips   ShoulderToWaist  body shape   clothing style
0       2   24             20           18      18     35                20        Pear             NaN
1       2   28             19           16      24     17                24   Hourglass             NaN
2       1   30             18           12      32     16                20     V-shape             NaN
3       2   44             16           10      20     16                19   Hourglass             NaN
4       2   22             28           19      22     26                27        Pear             NaN
[2024-03-02 18:03:16,756] 70 root -INFO Obtaning Prrprocessor Object
[2024-03-02 18:03:16,756] 32 root -INFO Data Transformation Started
[2024-03-02 18:03:16,757] 37 root -INFO Pipline Started
[2024-03-02 18:03:16,762] 93 root -INFO Apply Preprocessor Object on train and test Data
[2024-03-02 18:03:16,763] 105 root -INFO Preproccsing Pickel File Save
