[2024-03-15 10:55:16,993] 224 werkzeug -WARNING  * Debugger is active!
[2024-03-15 10:55:17,014] 224 werkzeug -INFO  * Debugger PIN: 589-365-646
[2024-03-15 10:55:17,067] 224 werkzeug -INFO  * Detected change in 'C:\\ProgramData\\anaconda3\\Lib\\site-packages\\scipy\\fft\\_realtransforms.py', reloading
[2024-03-15 10:55:17,096] 224 werkzeug -INFO  * Detected change in 'C:\\ProgramData\\anaconda3\\Lib\\site-packages\\scipy\\fft\\_fftlog.py', reloading
[2024-03-15 10:55:17,106] 224 werkzeug -INFO  * Detected change in 'C:\\ProgramData\\anaconda3\\Lib\\site-packages\\scipy\\fft\\_fftlog_multimethods.py', reloading
[2024-03-15 10:55:17,118] 224 werkzeug -INFO  * Detected change in 'C:\\ProgramData\\anaconda3\\Lib\\site-packages\\scipy\\fft\\_helper.py', reloading
[2024-03-15 10:55:17,129] 224 werkzeug -INFO  * Detected change in 'C:\\ProgramData\\anaconda3\\Lib\\site-packages\\scipy\\fft\\_backend.py', reloading
[2024-03-15 10:55:17,160] 224 werkzeug -INFO  * Detected change in 'C:\\ProgramData\\anaconda3\\Lib\\site-packages\\scipy\\fft\\_pocketfft\\helper.py', reloading
[2024-03-15 10:55:17,182] 224 werkzeug -INFO  * Detected change in 'C:\\ProgramData\\anaconda3\\Lib\\site-packages\\scipy\\integrate\\__init__.py', reloading
[2024-03-15 10:55:17,206] 224 werkzeug -INFO  * Detected change in 'C:\\ProgramData\\anaconda3\\Lib\\site-packages\\scipy\\integrate\\_quadrature.py', reloading
[2024-03-15 10:55:17,227] 224 werkzeug -INFO  * Detected change in 'C:\\ProgramData\\anaconda3\\Lib\\site-packages\\scipy\\integrate\\_odepack_py.py', reloading
[2024-03-15 10:55:17,245] 224 werkzeug -INFO  * Detected change in 'C:\\ProgramData\\anaconda3\\Lib\\site-packages\\scipy\\integrate\\_quadpack_py.py', reloading
[2024-03-15 10:55:17,264] 224 werkzeug -INFO  * Detected change in 'C:\\ProgramData\\anaconda3\\Lib\\site-packages\\scipy\\integrate\\_ode.py', reloading
[2024-03-15 10:55:17,302] 224 werkzeug -INFO  * Detected change in 'C:\\ProgramData\\anaconda3\\Lib\\site-packages\\scipy\\interpolate\\__init__.py', reloading
[2024-03-15 10:55:17,355] 224 werkzeug -INFO  * Detected change in 'C:\\ProgramData\\anaconda3\\Lib\\site-packages\\scipy\\interpolate\\_interpolate.py', reloading
[2024-03-15 10:55:17,416] 224 werkzeug -INFO  * Detected change in 'C:\\ProgramData\\anaconda3\\Lib\\site-packages\\scipy\\interpolate\\_fitpack_py.py', reloading
[2024-03-15 10:55:17,474] 224 werkzeug -INFO  * Detected change in 'C:\\ProgramData\\anaconda3\\Lib\\site-packages\\scipy\\interpolate\\_fitpack2.py', reloading
[2024-03-15 10:55:17,519] 224 werkzeug -INFO  * Detected change in 'C:\\ProgramData\\anaconda3\\Lib\\site-packages\\scipy\\interpolate\\_rbfinterp.py', reloading
[2024-03-15 10:55:17,557] 224 werkzeug -INFO  * Detected change in 'C:\\ProgramData\\anaconda3\\Lib\\site-packages\\scipy\\interpolate\\_polyint.py', reloading
[2024-03-15 10:55:17,596] 224 werkzeug -INFO  * Detected change in 'C:\\ProgramData\\anaconda3\\Lib\\site-packages\\scipy\\interpolate\\_cubic.py', reloading
[2024-03-15 10:55:17,626] 224 werkzeug -INFO  * Detected change in 'C:\\ProgramData\\anaconda3\\Lib\\site-packages\\scipy\\interpolate\\_ndgriddata.py', reloading
[2024-03-15 10:55:17,694] 224 werkzeug -INFO  * Detected change in 'C:\\ProgramData\\anaconda3\\Lib\\site-packages\\scipy\\interpolate\\_bsplines.py', reloading
[2024-03-15 10:55:17,753] 224 werkzeug -INFO  * Detected change in 'C:\\ProgramData\\anaconda3\\Lib\\site-packages\\scipy\\interpolate\\_pade.py', reloading
[2024-03-15 10:55:17,782] 224 werkzeug -INFO  * Detected change in 'C:\\ProgramData\\anaconda3\\Lib\\site-packages\\scipy\\interpolate\\_rgi.py', reloading
[2024-03-15 10:55:17,813] 224 werkzeug -INFO  * Detected change in 'C:\\ProgramData\\anaconda3\\Lib\\site-packages\\scipy\\io\\__init__.py', reloading
[2024-03-15 10:55:17,911] 224 werkzeug -INFO  * Detected change in 'C:\\ProgramData\\anaconda3\\Lib\\site-packages\\scipy\\misc\\__init__.py', reloading
[2024-03-15 10:55:17,963] 224 werkzeug -INFO  * Detected change in 'C:\\ProgramData\\anaconda3\\Lib\\site-packages\\scipy\\misc\\_common.py', reloading
[2024-03-15 10:55:18,012] 224 werkzeug -INFO  * Detected change in 'C:\\ProgramData\\anaconda3\\Lib\\site-packages\\scipy\\ndimage\\__init__.py', reloading
[2024-03-15 10:55:18,081] 224 werkzeug -INFO  * Detected change in 'C:\\ProgramData\\anaconda3\\Lib\\site-packages\\scipy\\ndimage\\_filters.py', reloading
