[2024-03-02 19:49:12,183] 224 werkzeug -WARNING  * Debugger is active!
[2024-03-02 19:49:12,191] 224 werkzeug -INFO  * Debugger PIN: 420-491-295
[2024-03-02 19:49:12,235] 224 werkzeug -INFO  * Detected change in 'D:\\DevOps\\Project\\BE Project\\Outfit Recommendation\\env\\Lib\\site-packages\\PIL\\PyAccess.py', reloading
[2024-03-02 19:49:12,259] 224 werkzeug -INFO  * Detected change in 'D:\\DevOps\\Project\\BE Project\\Outfit Recommendation\\env\\Lib\\site-packages\\PIL\\QoiImagePlugin.py', reloading
[2024-03-02 19:49:12,283] 224 werkzeug -INFO  * Detected change in 'D:\\DevOps\\Project\\BE Project\\Outfit Recommendation\\env\\Lib\\site-packages\\PIL\\SgiImagePlugin.py', reloading
[2024-03-02 19:49:12,307] 224 werkzeug -INFO  * Detected change in 'D:\\DevOps\\Project\\BE Project\\Outfit Recommendation\\env\\Lib\\site-packages\\PIL\\SpiderImagePlugin.py', reloading
[2024-03-02 19:49:12,335] 224 werkzeug -INFO  * Detected change in 'D:\\DevOps\\Project\\BE Project\\Outfit Recommendation\\env\\Lib\\site-packages\\PIL\\SunImagePlugin.py', reloading
[2024-03-02 19:49:12,359] 224 werkzeug -INFO  * Detected change in 'D:\\DevOps\\Project\\BE Project\\Outfit Recommendation\\env\\Lib\\site-packages\\PIL\\TarIO.py', reloading
[2024-03-02 19:49:12,375] 224 werkzeug -INFO  * Detected change in 'D:\\DevOps\\Project\\BE Project\\Outfit Recommendation\\env\\Lib\\site-packages\\PIL\\TgaImagePlugin.py', reloading
[2024-03-02 19:49:12,399] 224 werkzeug -INFO  * Detected change in 'D:\\DevOps\\Project\\BE Project\\Outfit Recommendation\\env\\Lib\\site-packages\\PIL\\TiffImagePlugin.py', reloading
[2024-03-02 19:49:12,479] 224 werkzeug -INFO  * Detected change in 'D:\\DevOps\\Project\\BE Project\\Outfit Recommendation\\env\\Lib\\site-packages\\PIL\\TiffTags.py', reloading
[2024-03-02 19:49:12,511] 224 werkzeug -INFO  * Detected change in 'D:\\DevOps\\Project\\BE Project\\Outfit Recommendation\\env\\Lib\\site-packages\\PIL\\WalImageFile.py', reloading
[2024-03-02 19:49:12,531] 224 werkzeug -INFO  * Detected change in 'D:\\DevOps\\Project\\BE Project\\Outfit Recommendation\\env\\Lib\\site-packages\\PIL\\WebPImagePlugin.py', reloading
[2024-03-02 19:49:12,563] 224 werkzeug -INFO  * Detected change in 'D:\\DevOps\\Project\\BE Project\\Outfit Recommendation\\env\\Lib\\site-packages\\PIL\\WmfImagePlugin.py', reloading
[2024-03-02 19:49:12,579] 224 werkzeug -INFO  * Detected change in 'D:\\DevOps\\Project\\BE Project\\Outfit Recommendation\\env\\Lib\\site-packages\\PIL\\XVThumbImagePlugin.py', reloading
[2024-03-02 19:49:12,595] 224 werkzeug -INFO  * Detected change in 'D:\\DevOps\\Project\\BE Project\\Outfit Recommendation\\env\\Lib\\site-packages\\PIL\\XbmImagePlugin.py', reloading
[2024-03-02 19:49:12,611] 224 werkzeug -INFO  * Detected change in 'D:\\DevOps\\Project\\BE Project\\Outfit Recommendation\\env\\Lib\\site-packages\\PIL\\XpmImagePlugin.py', reloading
[2024-03-02 19:49:12,631] 224 werkzeug -INFO  * Detected change in 'D:\\DevOps\\Project\\BE Project\\Outfit Recommendation\\env\\Lib\\site-packages\\PIL\\__init__.py', reloading
[2024-03-02 19:49:12,647] 224 werkzeug -INFO  * Detected change in 'D:\\DevOps\\Project\\BE Project\\Outfit Recommendation\\env\\Lib\\site-packages\\PIL\\__main__.py', reloading
[2024-03-02 19:49:12,663] 224 werkzeug -INFO  * Detected change in 'D:\\DevOps\\Project\\BE Project\\Outfit Recommendation\\env\\Lib\\site-packages\\PIL\\_binary.py', reloading
[2024-03-02 19:49:12,679] 224 werkzeug -INFO  * Detected change in 'D:\\DevOps\\Project\\BE Project\\Outfit Recommendation\\env\\Lib\\site-packages\\PIL\\_deprecate.py', reloading
[2024-03-02 19:49:12,707] 224 werkzeug -INFO  * Detected change in 'D:\\DevOps\\Project\\BE Project\\Outfit Recommendation\\env\\Lib\\site-packages\\PIL\\_tkinter_finder.py', reloading
[2024-03-02 19:49:12,723] 224 werkzeug -INFO  * Detected change in 'D:\\DevOps\\Project\\BE Project\\Outfit Recommendation\\env\\Lib\\site-packages\\PIL\\_typing.py', reloading
[2024-03-02 19:49:12,739] 224 werkzeug -INFO  * Detected change in 'D:\\DevOps\\Project\\BE Project\\Outfit Recommendation\\env\\Lib\\site-packages\\PIL\\_util.py', reloading
[2024-03-02 19:49:12,751] 224 werkzeug -INFO  * Detected change in 'D:\\DevOps\\Project\\BE Project\\Outfit Recommendation\\env\\Lib\\site-packages\\PIL\\_version.py', reloading
[2024-03-02 19:49:12,775] 224 werkzeug -INFO  * Detected change in 'D:\\DevOps\\Project\\BE Project\\Outfit Recommendation\\env\\Lib\\site-packages\\PIL\\features.py', reloading
[2024-03-02 19:49:12,807] 224 werkzeug -INFO  * Detected change in 'D:\\DevOps\\Project\\BE Project\\Outfit Recommendation\\env\\Lib\\site-packages\\_distutils_hack\\__init__.py', reloading
[2024-03-02 19:49:12,819] 224 werkzeug -INFO  * Detected change in 'D:\\DevOps\\Project\\BE Project\\Outfit Recommendation\\env\\Lib\\site-packages\\_distutils_hack\\override.py', reloading
[2024-03-02 19:49:12,831] 224 werkzeug -INFO  * Detected change in 'D:\\DevOps\\Project\\BE Project\\Outfit Recommendation\\env\\Lib\\site-packages\\blinker\\__init__.py', reloading
[2024-03-02 19:49:12,847] 224 werkzeug -INFO  * Detected change in 'D:\\DevOps\\Project\\BE Project\\Outfit Recommendation\\env\\Lib\\site-packages\\blinker\\_saferef.py', reloading
[2024-03-02 19:49:12,871] 224 werkzeug -INFO  * Detected change in 'D:\\DevOps\\Project\\BE Project\\Outfit Recommendation\\env\\Lib\\site-packages\\blinker\\_utilities.py', reloading
[2024-03-02 19:49:12,895] 224 werkzeug -INFO  * Detected change in 'D:\\DevOps\\Project\\BE Project\\Outfit Recommendation\\env\\Lib\\site-packages\\blinker\\base.py', reloading
[2024-03-02 19:49:12,927] 224 werkzeug -INFO  * Detected change in 'D:\\DevOps\\Project\\BE Project\\Outfit Recommendation\\env\\Lib\\site-packages\\click\\__init__.py', reloading
[2024-03-02 19:49:12,943] 224 werkzeug -INFO  * Detected change in 'D:\\DevOps\\Project\\BE Project\\Outfit Recommendation\\env\\Lib\\site-packages\\click\\_compat.py', reloading
[2024-03-02 19:49:12,979] 224 werkzeug -INFO  * Detected change in 'D:\\DevOps\\Project\\BE Project\\Outfit Recommendation\\env\\Lib\\site-packages\\click\\_termui_impl.py', reloading
[2024-03-02 19:49:13,019] 224 werkzeug -INFO  * Detected change in 'D:\\DevOps\\Project\\BE Project\\Outfit Recommendation\\env\\Lib\\site-packages\\click\\_textwrap.py', reloading
[2024-03-02 19:49:13,035] 224 werkzeug -INFO  * Detected change in 'D:\\DevOps\\Project\\BE Project\\Outfit Recommendation\\env\\Lib\\site-packages\\click\\_winconsole.py', reloading
[2024-03-02 19:49:13,071] 224 werkzeug -INFO  * Detected change in 'D:\\DevOps\\Project\\BE Project\\Outfit Recommendation\\env\\Lib\\site-packages\\click\\core.py', reloading
[2024-03-02 19:49:13,155] 224 werkzeug -INFO  * Detected change in 'D:\\DevOps\\Project\\BE Project\\Outfit Recommendation\\env\\Lib\\site-packages\\click\\decorators.py', reloading
[2024-03-02 19:49:13,179] 224 werkzeug -INFO  * Detected change in 'D:\\DevOps\\Project\\BE Project\\Outfit Recommendation\\env\\Lib\\site-packages\\click\\exceptions.py', reloading
[2024-03-02 19:49:13,203] 224 werkzeug -INFO  * Detected change in 'D:\\DevOps\\Project\\BE Project\\Outfit Recommendation\\env\\Lib\\site-packages\\click\\formatting.py', reloading
