[2024-03-02 19:49:35,281] 224 werkzeug -WARNING  * Debugger is active!
[2024-03-02 19:49:35,285] 224 werkzeug -INFO  * Debugger PIN: 420-491-295
[2024-03-02 19:49:35,325] 224 werkzeug -INFO  * Detected change in 'D:\\DevOps\\Project\\BE Project\\Outfit Recommendation\\env\\Lib\\site-packages\\numpy\\_typing\\_dtype_like.py', reloading
[2024-03-02 19:49:35,337] 224 werkzeug -INFO  * Detected change in 'D:\\DevOps\\Project\\BE Project\\Outfit Recommendation\\env\\Lib\\site-packages\\numpy\\_typing\\_extended_precision.py', reloading
[2024-03-02 19:49:35,349] 224 werkzeug -INFO  * Detected change in 'D:\\DevOps\\Project\\BE Project\\Outfit Recommendation\\env\\Lib\\site-packages\\numpy\\_typing\\_generic_alias.py', reloading
[2024-03-02 19:49:35,357] 224 werkzeug -INFO  * Detected change in 'D:\\DevOps\\Project\\BE Project\\Outfit Recommendation\\env\\Lib\\site-packages\\numpy\\_typing\\_nbit.py', reloading
[2024-03-02 19:49:35,369] 224 werkzeug -INFO  * Detected change in 'D:\\DevOps\\Project\\BE Project\\Outfit Recommendation\\env\\Lib\\site-packages\\numpy\\_typing\\_nested_sequence.py', reloading
[2024-03-02 19:49:35,381] 224 werkzeug -INFO  * Detected change in 'D:\\DevOps\\Project\\BE Project\\Outfit Recommendation\\env\\Lib\\site-packages\\numpy\\_typing\\_scalars.py', reloading
[2024-03-02 19:49:35,389] 224 werkzeug -INFO  * Detected change in 'D:\\DevOps\\Project\\BE Project\\Outfit Recommendation\\env\\Lib\\site-packages\\numpy\\_typing\\_shape.py', reloading
[2024-03-02 19:49:35,425] 224 werkzeug -INFO  * Detected change in 'D:\\DevOps\\Project\\BE Project\\Outfit Recommendation\\env\\Lib\\site-packages\\numpy\\_typing\\setup.py', reloading
[2024-03-02 19:49:35,437] 224 werkzeug -INFO  * Detected change in 'D:\\DevOps\\Project\\BE Project\\Outfit Recommendation\\env\\Lib\\site-packages\\numpy\\array_api\\__init__.py', reloading
[2024-03-02 19:49:35,453] 224 werkzeug -INFO  * Detected change in 'D:\\DevOps\\Project\\BE Project\\Outfit Recommendation\\env\\Lib\\site-packages\\numpy\\array_api\\_array_object.py', reloading
[2024-03-02 19:49:35,493] 224 werkzeug -INFO  * Detected change in 'D:\\DevOps\\Project\\BE Project\\Outfit Recommendation\\env\\Lib\\site-packages\\numpy\\array_api\\_constants.py', reloading
[2024-03-02 19:49:35,505] 224 werkzeug -INFO  * Detected change in 'D:\\DevOps\\Project\\BE Project\\Outfit Recommendation\\env\\Lib\\site-packages\\numpy\\array_api\\_creation_functions.py', reloading
[2024-03-02 19:49:35,521] 224 werkzeug -INFO  * Detected change in 'D:\\DevOps\\Project\\BE Project\\Outfit Recommendation\\env\\Lib\\site-packages\\numpy\\array_api\\_data_type_functions.py', reloading
[2024-03-02 19:49:35,537] 224 werkzeug -INFO  * Detected change in 'D:\\DevOps\\Project\\BE Project\\Outfit Recommendation\\env\\Lib\\site-packages\\numpy\\array_api\\_dtypes.py', reloading
[2024-03-02 19:49:35,549] 224 werkzeug -INFO  * Detected change in 'D:\\DevOps\\Project\\BE Project\\Outfit Recommendation\\env\\Lib\\site-packages\\numpy\\array_api\\_elementwise_functions.py', reloading
[2024-03-02 19:49:35,565] 224 werkzeug -INFO  * Detected change in 'D:\\DevOps\\Project\\BE Project\\Outfit Recommendation\\env\\Lib\\site-packages\\numpy\\array_api\\_manipulation_functions.py', reloading
[2024-03-02 19:49:35,581] 224 werkzeug -INFO  * Detected change in 'D:\\DevOps\\Project\\BE Project\\Outfit Recommendation\\env\\Lib\\site-packages\\numpy\\array_api\\_searching_functions.py', reloading
[2024-03-02 19:49:35,593] 224 werkzeug -INFO  * Detected change in 'D:\\DevOps\\Project\\BE Project\\Outfit Recommendation\\env\\Lib\\site-packages\\numpy\\array_api\\_set_functions.py', reloading
[2024-03-02 19:49:35,601] 224 werkzeug -INFO  * Detected change in 'D:\\DevOps\\Project\\BE Project\\Outfit Recommendation\\env\\Lib\\site-packages\\numpy\\array_api\\_sorting_functions.py', reloading
[2024-03-02 19:49:35,613] 224 werkzeug -INFO  * Detected change in 'D:\\DevOps\\Project\\BE Project\\Outfit Recommendation\\env\\Lib\\site-packages\\numpy\\array_api\\_statistical_functions.py', reloading
[2024-03-02 19:49:35,625] 224 werkzeug -INFO  * Detected change in 'D:\\DevOps\\Project\\BE Project\\Outfit Recommendation\\env\\Lib\\site-packages\\numpy\\array_api\\_typing.py', reloading
[2024-03-02 19:49:35,633] 224 werkzeug -INFO  * Detected change in 'D:\\DevOps\\Project\\BE Project\\Outfit Recommendation\\env\\Lib\\site-packages\\numpy\\array_api\\_utility_functions.py', reloading
[2024-03-02 19:49:35,645] 224 werkzeug -INFO  * Detected change in 'D:\\DevOps\\Project\\BE Project\\Outfit Recommendation\\env\\Lib\\site-packages\\numpy\\array_api\\linalg.py', reloading
[2024-03-02 19:49:35,661] 224 werkzeug -INFO  * Detected change in 'D:\\DevOps\\Project\\BE Project\\Outfit Recommendation\\env\\Lib\\site-packages\\numpy\\array_api\\setup.py', reloading
[2024-03-02 19:49:35,673] 224 werkzeug -INFO  * Detected change in 'D:\\DevOps\\Project\\BE Project\\Outfit Recommendation\\env\\Lib\\site-packages\\numpy\\array_api\\tests\\__init__.py', reloading
[2024-03-02 19:49:35,689] 224 werkzeug -INFO  * Detected change in 'D:\\DevOps\\Project\\BE Project\\Outfit Recommendation\\env\\Lib\\site-packages\\numpy\\array_api\\tests\\test_array_object.py', reloading
[2024-03-02 19:49:35,709] 224 werkzeug -INFO  * Detected change in 'D:\\DevOps\\Project\\BE Project\\Outfit Recommendation\\env\\Lib\\site-packages\\numpy\\array_api\\tests\\test_creation_functions.py', reloading
[2024-03-02 19:49:35,721] 224 werkzeug -INFO  * Detected change in 'D:\\DevOps\\Project\\BE Project\\Outfit Recommendation\\env\\Lib\\site-packages\\numpy\\array_api\\tests\\test_data_type_functions.py', reloading
[2024-03-02 19:49:35,733] 224 werkzeug -INFO  * Detected change in 'D:\\DevOps\\Project\\BE Project\\Outfit Recommendation\\env\\Lib\\site-packages\\numpy\\array_api\\tests\\test_elementwise_functions.py', reloading
[2024-03-02 19:49:35,749] 224 werkzeug -INFO  * Detected change in 'D:\\DevOps\\Project\\BE Project\\Outfit Recommendation\\env\\Lib\\site-packages\\numpy\\array_api\\tests\\test_set_functions.py', reloading
[2024-03-02 19:49:35,761] 224 werkzeug -INFO  * Detected change in 'D:\\DevOps\\Project\\BE Project\\Outfit Recommendation\\env\\Lib\\site-packages\\numpy\\array_api\\tests\\test_sorting_functions.py', reloading
[2024-03-02 19:49:35,777] 224 werkzeug -INFO  * Detected change in 'D:\\DevOps\\Project\\BE Project\\Outfit Recommendation\\env\\Lib\\site-packages\\numpy\\array_api\\tests\\test_validation.py', reloading
[2024-03-02 19:49:35,793] 224 werkzeug -INFO  * Detected change in 'D:\\DevOps\\Project\\BE Project\\Outfit Recommendation\\env\\Lib\\site-packages\\numpy\\compat\\__init__.py', reloading
[2024-03-02 19:49:35,805] 224 werkzeug -INFO  * Detected change in 'D:\\DevOps\\Project\\BE Project\\Outfit Recommendation\\env\\Lib\\site-packages\\numpy\\compat\\py3k.py', reloading
[2024-03-02 19:49:35,821] 224 werkzeug -INFO  * Detected change in 'D:\\DevOps\\Project\\BE Project\\Outfit Recommendation\\env\\Lib\\site-packages\\numpy\\compat\\_inspect.py', reloading
[2024-03-02 19:49:35,837] 224 werkzeug -INFO  * Detected change in 'D:\\DevOps\\Project\\BE Project\\Outfit Recommendation\\env\\Lib\\site-packages\\numpy\\compat\\_pep440.py', reloading
[2024-03-02 19:49:35,857] 224 werkzeug -INFO  * Detected change in 'D:\\DevOps\\Project\\BE Project\\Outfit Recommendation\\env\\Lib\\site-packages\\numpy\\compat\\setup.py', reloading
[2024-03-02 19:49:35,869] 224 werkzeug -INFO  * Detected change in 'D:\\DevOps\\Project\\BE Project\\Outfit Recommendation\\env\\Lib\\site-packages\\numpy\\compat\\tests\\test_compat.py', reloading
[2024-03-02 19:49:35,885] 224 werkzeug -INFO  * Detected change in 'D:\\DevOps\\Project\\BE Project\\Outfit Recommendation\\env\\Lib\\site-packages\\numpy\\core\\__init__.py', reloading
[2024-03-02 19:49:35,949] 224 werkzeug -INFO  * Detected change in 'D:\\DevOps\\Project\\BE Project\\Outfit Recommendation\\env\\Lib\\site-packages\\numpy\\core\\_machar.py', reloading
[2024-03-02 19:49:35,997] 224 werkzeug -INFO  * Detected change in 'D:\\DevOps\\Project\\BE Project\\Outfit Recommendation\\env\\Lib\\site-packages\\numpy\\core\\_add_newdocs.py', reloading
[2024-03-02 19:49:36,029] 224 werkzeug -INFO  * Detected change in 'D:\\DevOps\\Project\\BE Project\\Outfit Recommendation\\env\\Lib\\site-packages\\numpy\\core\\_add_newdocs_scalars.py', reloading
[2024-03-02 19:49:36,053] 224 werkzeug -INFO  * Detected change in 'D:\\DevOps\\Project\\BE Project\\Outfit Recommendation\\env\\Lib\\site-packages\\numpy\\core\\_asarray.py', reloading
[2024-03-02 19:49:36,081] 224 werkzeug -INFO  * Detected change in 'D:\\DevOps\\Project\\BE Project\\Outfit Recommendation\\env\\Lib\\site-packages\\numpy\\core\\_dtype.py', reloading
[2024-03-02 19:49:36,105] 224 werkzeug -INFO  * Detected change in 'D:\\DevOps\\Project\\BE Project\\Outfit Recommendation\\env\\Lib\\site-packages\\numpy\\core\\_dtype_ctypes.py', reloading
[2024-03-02 19:49:36,121] 224 werkzeug -INFO  * Detected change in 'D:\\DevOps\\Project\\BE Project\\Outfit Recommendation\\env\\Lib\\site-packages\\numpy\\core\\_exceptions.py', reloading
[2024-03-02 19:49:36,137] 224 werkzeug -INFO  * Detected change in 'D:\\DevOps\\Project\\BE Project\\Outfit Recommendation\\env\\Lib\\site-packages\\numpy\\core\\_internal.py', reloading
[2024-03-02 19:49:36,185] 224 werkzeug -INFO  * Detected change in 'D:\\DevOps\\Project\\BE Project\\Outfit Recommendation\\env\\Lib\\site-packages\\numpy\\core\\_methods.py', reloading
[2024-03-02 19:49:36,213] 224 werkzeug -INFO  * Detected change in 'D:\\DevOps\\Project\\BE Project\\Outfit Recommendation\\env\\Lib\\site-packages\\numpy\\core\\_string_helpers.py', reloading
[2024-03-02 19:49:36,225] 224 werkzeug -INFO  * Detected change in 'D:\\DevOps\\Project\\BE Project\\Outfit Recommendation\\env\\Lib\\site-packages\\numpy\\core\\_type_aliases.py', reloading
[2024-03-02 19:49:36,257] 224 werkzeug -INFO  * Detected change in 'D:\\DevOps\\Project\\BE Project\\Outfit Recommendation\\env\\Lib\\site-packages\\numpy\\core\\_ufunc_config.py', reloading
[2024-03-02 19:49:36,285] 224 werkzeug -INFO  * Detected change in 'D:\\DevOps\\Project\\BE Project\\Outfit Recommendation\\env\\Lib\\site-packages\\numpy\\core\\arrayprint.py', reloading
