[2024-04-15 15:21:05,538] 224 werkzeug -WARNING  * Debugger is active!
[2024-04-15 15:21:05,567] 224 werkzeug -INFO  * Debugger PIN: 589-365-646
[2024-04-15 15:21:05,722] 224 werkzeug -INFO  * Detected change in 'c:\\users\\user\\desktop\\be project\\env\\Lib\\unittest\\loader.py', reloading
[2024-04-15 15:21:05,723] 224 werkzeug -INFO  * Detected change in 'C:\\Users\\user\\Desktop\\BE Project\\env\\Lib\\unittest\\loader.py', reloading
[2024-04-15 15:21:05,760] 224 werkzeug -INFO  * Detected change in 'C:\\Users\\user\\Desktop\\BE Project\\env\\Lib\\unittest\\main.py', reloading
[2024-04-15 15:21:05,761] 224 werkzeug -INFO  * Detected change in 'c:\\users\\user\\desktop\\be project\\env\\Lib\\unittest\\main.py', reloading
[2024-04-15 15:21:05,786] 224 werkzeug -INFO  * Detected change in 'c:\\users\\user\\desktop\\be project\\env\\Lib\\unittest\\mock.py', reloading
[2024-04-15 15:21:05,786] 224 werkzeug -INFO  * Detected change in 'C:\\Users\\user\\Desktop\\BE Project\\env\\Lib\\unittest\\mock.py', reloading
[2024-04-15 15:21:05,968] 224 werkzeug -INFO  * Detected change in 'c:\\users\\user\\desktop\\be project\\env\\Lib\\unittest\\result.py', reloading
[2024-04-15 15:21:05,969] 224 werkzeug -INFO  * Detected change in 'C:\\Users\\user\\Desktop\\BE Project\\env\\Lib\\unittest\\result.py', reloading
[2024-04-15 15:21:06,017] 224 werkzeug -INFO  * Detected change in 'c:\\users\\user\\desktop\\be project\\env\\Lib\\unittest\\runner.py', reloading
[2024-04-15 15:21:06,018] 224 werkzeug -INFO  * Detected change in 'C:\\Users\\user\\Desktop\\BE Project\\env\\Lib\\unittest\\runner.py', reloading
[2024-04-15 15:21:06,065] 224 werkzeug -INFO  * Detected change in 'C:\\Users\\user\\Desktop\\BE Project\\env\\Lib\\unittest\\signals.py', reloading
[2024-04-15 15:21:06,066] 224 werkzeug -INFO  * Detected change in 'c:\\users\\user\\desktop\\be project\\env\\Lib\\unittest\\signals.py', reloading
[2024-04-15 15:21:06,107] 224 werkzeug -INFO  * Detected change in 'c:\\users\\user\\desktop\\be project\\env\\Lib\\unittest\\suite.py', reloading
[2024-04-15 15:21:06,110] 224 werkzeug -INFO  * Detected change in 'C:\\Users\\user\\Desktop\\BE Project\\env\\Lib\\unittest\\suite.py', reloading
[2024-04-15 15:21:06,378] 224 werkzeug -INFO  * Detected change in 'C:\\Users\\user\\Desktop\\BE Project\\env\\Lib\\unittest\\util.py', reloading
[2024-04-15 15:21:06,379] 224 werkzeug -INFO  * Detected change in 'c:\\users\\user\\desktop\\be project\\env\\Lib\\unittest\\util.py', reloading
[2024-04-15 15:21:06,450] 224 werkzeug -INFO  * Detected change in 'c:\\users\\user\\desktop\\be project\\env\\Lib\\unittest\\test\\__init__.py', reloading
[2024-04-15 15:21:06,451] 224 werkzeug -INFO  * Detected change in 'C:\\Users\\user\\Desktop\\BE Project\\env\\Lib\\unittest\\test\\__init__.py', reloading
[2024-04-15 15:21:06,491] 224 werkzeug -INFO  * Detected change in 'C:\\Users\\user\\Desktop\\BE Project\\env\\Lib\\unittest\\test\\__main__.py', reloading
[2024-04-15 15:21:06,493] 224 werkzeug -INFO  * Detected change in 'c:\\users\\user\\desktop\\be project\\env\\Lib\\unittest\\test\\__main__.py', reloading
[2024-04-15 15:21:06,514] 224 werkzeug -INFO 127.0.0.1 - - [15/Apr/2024 15:21:06] "GET / HTTP/1.1" 200 -
[2024-04-15 15:21:07,297] 224 werkzeug -INFO 127.0.0.1 - - [15/Apr/2024 15:21:07] "GET /video HTTP/1.1" 200 -
