[2024-03-02 19:49:06,203] 224 werkzeug -WARNING  * Debugger is active!
[2024-03-02 19:49:06,207] 224 werkzeug -INFO  * Debugger PIN: 420-491-295
[2024-03-02 19:49:06,267] 224 werkzeug -INFO  * Detected change in 'D:\\DevOps\\Project\\BE Project\\Outfit Recommendation\\env\\Lib\\idlelib\\idle_test\\test_configdialog.py', reloading
[2024-03-02 19:49:06,311] 224 werkzeug -INFO  * Detected change in 'D:\\DevOps\\Project\\BE Project\\Outfit Recommendation\\env\\Lib\\idlelib\\idle_test\\test_debugger.py', reloading
[2024-03-02 19:49:06,319] 224 werkzeug -INFO  * Detected change in 'D:\\DevOps\\Project\\BE Project\\Outfit Recommendation\\env\\Lib\\idlelib\\idle_test\\test_debugger_r.py', reloading
[2024-03-02 19:49:06,343] 224 werkzeug -INFO  * Detected change in 'D:\\DevOps\\Project\\BE Project\\Outfit Recommendation\\env\\Lib\\idlelib\\idle_test\\test_debugobj.py', reloading
[2024-03-02 19:49:06,363] 224 werkzeug -INFO  * Detected change in 'D:\\DevOps\\Project\\BE Project\\Outfit Recommendation\\env\\Lib\\idlelib\\idle_test\\test_debugobj_r.py', reloading
[2024-03-02 19:49:06,379] 224 werkzeug -INFO  * Detected change in 'D:\\DevOps\\Project\\BE Project\\Outfit Recommendation\\env\\Lib\\idlelib\\idle_test\\test_delegator.py', reloading
[2024-03-02 19:49:06,399] 224 werkzeug -INFO  * Detected change in 'D:\\DevOps\\Project\\BE Project\\Outfit Recommendation\\env\\Lib\\idlelib\\idle_test\\test_editmenu.py', reloading
[2024-03-02 19:49:06,411] 224 werkzeug -INFO  * Detected change in 'D:\\DevOps\\Project\\BE Project\\Outfit Recommendation\\env\\Lib\\idlelib\\idle_test\\test_editor.py', reloading
[2024-03-02 19:49:06,427] 224 werkzeug -INFO  * Detected change in 'D:\\DevOps\\Project\\BE Project\\Outfit Recommendation\\env\\Lib\\idlelib\\idle_test\\test_filelist.py', reloading
[2024-03-02 19:49:06,447] 224 werkzeug -INFO  * Detected change in 'D:\\DevOps\\Project\\BE Project\\Outfit Recommendation\\env\\Lib\\idlelib\\idle_test\\test_format.py', reloading
[2024-03-02 19:49:06,479] 224 werkzeug -INFO  * Detected change in 'D:\\DevOps\\Project\\BE Project\\Outfit Recommendation\\env\\Lib\\idlelib\\idle_test\\test_grep.py', reloading
[2024-03-02 19:49:06,507] 224 werkzeug -INFO  * Detected change in 'D:\\DevOps\\Project\\BE Project\\Outfit Recommendation\\env\\Lib\\idlelib\\idle_test\\test_help.py', reloading
[2024-03-02 19:49:06,523] 224 werkzeug -INFO  * Detected change in 'D:\\DevOps\\Project\\BE Project\\Outfit Recommendation\\env\\Lib\\idlelib\\idle_test\\test_help_about.py', reloading
[2024-03-02 19:49:06,551] 224 werkzeug -INFO  * Detected change in 'D:\\DevOps\\Project\\BE Project\\Outfit Recommendation\\env\\Lib\\idlelib\\idle_test\\test_history.py', reloading
[2024-03-02 19:49:06,575] 224 werkzeug -INFO  * Detected change in 'D:\\DevOps\\Project\\BE Project\\Outfit Recommendation\\env\\Lib\\idlelib\\idle_test\\test_hyperparser.py', reloading
[2024-03-02 19:49:06,599] 224 werkzeug -INFO  * Detected change in 'D:\\DevOps\\Project\\BE Project\\Outfit Recommendation\\env\\Lib\\idlelib\\idle_test\\test_iomenu.py', reloading
[2024-03-02 19:49:06,619] 224 werkzeug -INFO  * Detected change in 'D:\\DevOps\\Project\\BE Project\\Outfit Recommendation\\env\\Lib\\idlelib\\idle_test\\test_macosx.py', reloading
[2024-03-02 19:49:06,635] 224 werkzeug -INFO  * Detected change in 'D:\\DevOps\\Project\\BE Project\\Outfit Recommendation\\env\\Lib\\idlelib\\idle_test\\test_mainmenu.py', reloading
[2024-03-02 19:49:06,651] 224 werkzeug -INFO  * Detected change in 'D:\\DevOps\\Project\\BE Project\\Outfit Recommendation\\env\\Lib\\idlelib\\idle_test\\test_multicall.py', reloading
[2024-03-02 19:49:06,663] 224 werkzeug -INFO  * Detected change in 'D:\\DevOps\\Project\\BE Project\\Outfit Recommendation\\env\\Lib\\idlelib\\idle_test\\test_outwin.py', reloading
[2024-03-02 19:49:06,679] 224 werkzeug -INFO  * Detected change in 'D:\\DevOps\\Project\\BE Project\\Outfit Recommendation\\env\\Lib\\idlelib\\idle_test\\test_parenmatch.py', reloading
[2024-03-02 19:49:06,695] 224 werkzeug -INFO  * Detected change in 'D:\\DevOps\\Project\\BE Project\\Outfit Recommendation\\env\\Lib\\idlelib\\idle_test\\test_pathbrowser.py', reloading
[2024-03-02 19:49:06,711] 224 werkzeug -INFO  * Detected change in 'D:\\DevOps\\Project\\BE Project\\Outfit Recommendation\\env\\Lib\\idlelib\\idle_test\\test_percolator.py', reloading
[2024-03-02 19:49:06,727] 224 werkzeug -INFO  * Detected change in 'D:\\DevOps\\Project\\BE Project\\Outfit Recommendation\\env\\Lib\\idlelib\\idle_test\\test_pyparse.py', reloading
[2024-03-02 19:49:06,759] 224 werkzeug -INFO  * Detected change in 'D:\\DevOps\\Project\\BE Project\\Outfit Recommendation\\env\\Lib\\idlelib\\idle_test\\test_pyshell.py', reloading
[2024-03-02 19:49:06,775] 224 werkzeug -INFO  * Detected change in 'D:\\DevOps\\Project\\BE Project\\Outfit Recommendation\\env\\Lib\\idlelib\\idle_test\\test_query.py', reloading
[2024-03-02 19:49:06,799] 224 werkzeug -INFO  * Detected change in 'D:\\DevOps\\Project\\BE Project\\Outfit Recommendation\\env\\Lib\\idlelib\\idle_test\\test_redirector.py', reloading
[2024-03-02 19:49:06,819] 224 werkzeug -INFO  * Detected change in 'D:\\DevOps\\Project\\BE Project\\Outfit Recommendation\\env\\Lib\\idlelib\\idle_test\\test_replace.py', reloading
[2024-03-02 19:49:06,843] 224 werkzeug -INFO  * Detected change in 'D:\\DevOps\\Project\\BE Project\\Outfit Recommendation\\env\\Lib\\idlelib\\idle_test\\test_rpc.py', reloading
[2024-03-02 19:49:06,859] 224 werkzeug -INFO  * Detected change in 'D:\\DevOps\\Project\\BE Project\\Outfit Recommendation\\env\\Lib\\idlelib\\idle_test\\test_run.py', reloading
[2024-03-02 19:49:06,883] 224 werkzeug -INFO  * Detected change in 'D:\\DevOps\\Project\\BE Project\\Outfit Recommendation\\env\\Lib\\idlelib\\idle_test\\test_runscript.py', reloading
[2024-03-02 19:49:06,895] 224 werkzeug -INFO  * Detected change in 'D:\\DevOps\\Project\\BE Project\\Outfit Recommendation\\env\\Lib\\idlelib\\idle_test\\test_scrolledlist.py', reloading
[2024-03-02 19:49:06,915] 224 werkzeug -INFO  * Detected change in 'D:\\DevOps\\Project\\BE Project\\Outfit Recommendation\\env\\Lib\\idlelib\\idle_test\\test_search.py', reloading
[2024-03-02 19:49:06,931] 224 werkzeug -INFO  * Detected change in 'D:\\DevOps\\Project\\BE Project\\Outfit Recommendation\\env\\Lib\\idlelib\\idle_test\\test_searchbase.py', reloading
[2024-03-02 19:49:06,951] 224 werkzeug -INFO  * Detected change in 'D:\\DevOps\\Project\\BE Project\\Outfit Recommendation\\env\\Lib\\idlelib\\idle_test\\test_searchengine.py', reloading
[2024-03-02 19:49:06,979] 224 werkzeug -INFO  * Detected change in 'D:\\DevOps\\Project\\BE Project\\Outfit Recommendation\\env\\Lib\\idlelib\\idle_test\\test_sidebar.py', reloading
[2024-03-02 19:49:07,011] 224 werkzeug -INFO  * Detected change in 'D:\\DevOps\\Project\\BE Project\\Outfit Recommendation\\env\\Lib\\idlelib\\idle_test\\test_squeezer.py', reloading
[2024-03-02 19:49:07,043] 224 werkzeug -INFO  * Detected change in 'D:\\DevOps\\Project\\BE Project\\Outfit Recommendation\\env\\Lib\\idlelib\\idle_test\\test_stackviewer.py', reloading
[2024-03-02 19:49:07,059] 224 werkzeug -INFO  * Detected change in 'D:\\DevOps\\Project\\BE Project\\Outfit Recommendation\\env\\Lib\\idlelib\\idle_test\\test_statusbar.py', reloading
[2024-03-02 19:49:07,075] 224 werkzeug -INFO  * Detected change in 'D:\\DevOps\\Project\\BE Project\\Outfit Recommendation\\env\\Lib\\idlelib\\idle_test\\test_text.py', reloading
[2024-03-02 19:49:07,099] 224 werkzeug -INFO  * Detected change in 'D:\\DevOps\\Project\\BE Project\\Outfit Recommendation\\env\\Lib\\idlelib\\idle_test\\test_textview.py', reloading
[2024-03-02 19:49:07,127] 224 werkzeug -INFO  * Detected change in 'D:\\DevOps\\Project\\BE Project\\Outfit Recommendation\\env\\Lib\\idlelib\\idle_test\\test_tooltip.py', reloading
[2024-03-02 19:49:07,143] 224 werkzeug -INFO  * Detected change in 'D:\\DevOps\\Project\\BE Project\\Outfit Recommendation\\env\\Lib\\idlelib\\idle_test\\test_tree.py', reloading
[2024-03-02 19:49:07,163] 224 werkzeug -INFO  * Detected change in 'D:\\DevOps\\Project\\BE Project\\Outfit Recommendation\\env\\Lib\\idlelib\\idle_test\\test_undo.py', reloading
[2024-03-02 19:49:07,187] 224 werkzeug -INFO  * Detected change in 'D:\\DevOps\\Project\\BE Project\\Outfit Recommendation\\env\\Lib\\idlelib\\idle_test\\test_warning.py', reloading
[2024-03-02 19:49:07,203] 224 werkzeug -INFO  * Detected change in 'D:\\DevOps\\Project\\BE Project\\Outfit Recommendation\\env\\Lib\\idlelib\\idle_test\\test_window.py', reloading
[2024-03-02 19:49:07,215] 224 werkzeug -INFO  * Detected change in 'D:\\DevOps\\Project\\BE Project\\Outfit Recommendation\\env\\Lib\\idlelib\\idle_test\\test_zoomheight.py', reloading
[2024-03-02 19:49:07,231] 224 werkzeug -INFO  * Detected change in 'D:\\DevOps\\Project\\BE Project\\Outfit Recommendation\\env\\Lib\\importlib\\__init__.py', reloading
