[2024-04-13 15:03:58,023] 224 werkzeug -WARNING  * Debugger is active!
[2024-04-13 15:03:58,034] 224 werkzeug -INFO  * Debugger PIN: 589-365-646
[2024-04-13 15:03:58,164] 224 werkzeug -INFO  * Detected change in 'C:\\Users\\user\\Desktop\\BE Project\\env\\Lib\\urllib\\parse.py', reloading
[2024-04-13 15:03:58,164] 224 werkzeug -INFO  * Detected change in 'c:\\users\\user\\desktop\\be project\\env\\Lib\\urllib\\parse.py', reloading
[2024-04-13 15:03:58,256] 224 werkzeug -INFO  * Detected change in 'C:\\Users\\user\\Desktop\\BE Project\\env\\Lib\\urllib\\request.py', reloading
[2024-04-13 15:03:58,256] 224 werkzeug -INFO  * Detected change in 'c:\\users\\user\\desktop\\be project\\env\\Lib\\urllib\\request.py', reloading
[2024-04-13 15:03:58,576] 224 werkzeug -INFO  * Detected change in 'c:\\users\\user\\desktop\\be project\\env\\Lib\\urllib\\response.py', reloading
[2024-04-13 15:03:58,578] 224 werkzeug -INFO  * Detected change in 'C:\\Users\\user\\Desktop\\BE Project\\env\\Lib\\urllib\\response.py', reloading
[2024-04-13 15:03:58,640] 224 werkzeug -INFO  * Detected change in 'C:\\Users\\user\\Desktop\\BE Project\\env\\Lib\\urllib\\robotparser.py', reloading
[2024-04-13 15:03:58,642] 224 werkzeug -INFO  * Detected change in 'c:\\users\\user\\desktop\\be project\\env\\Lib\\urllib\\robotparser.py', reloading
[2024-04-13 15:03:58,749] 224 werkzeug -INFO  * Detected change in 'C:\\Users\\user\\Desktop\\BE Project\\env\\Lib\\venv\\__init__.py', reloading
[2024-04-13 15:03:58,749] 224 werkzeug -INFO  * Detected change in 'c:\\users\\user\\desktop\\be project\\env\\Lib\\venv\\__init__.py', reloading
[2024-04-13 15:03:58,782] 224 werkzeug -INFO  * Detected change in 'C:\\Users\\user\\Desktop\\BE Project\\env\\Lib\\venv\\__main__.py', reloading
[2024-04-13 15:03:58,782] 224 werkzeug -INFO  * Detected change in 'c:\\users\\user\\desktop\\be project\\env\\Lib\\venv\\__main__.py', reloading
[2024-04-13 15:03:58,800] 224 werkzeug -INFO  * Detected change in 'C:\\Users\\user\\Desktop\\BE Project\\env\\Lib\\wsgiref\\__init__.py', reloading
[2024-04-13 15:03:58,800] 224 werkzeug -INFO  * Detected change in 'c:\\users\\user\\desktop\\be project\\env\\Lib\\wsgiref\\__init__.py', reloading
[2024-04-13 15:03:58,815] 224 werkzeug -INFO  * Detected change in 'C:\\Users\\user\\Desktop\\BE Project\\env\\Lib\\wsgiref\\handlers.py', reloading
[2024-04-13 15:03:58,815] 224 werkzeug -INFO  * Detected change in 'c:\\users\\user\\desktop\\be project\\env\\Lib\\wsgiref\\handlers.py', reloading
[2024-04-13 15:03:58,868] 224 werkzeug -INFO  * Detected change in 'C:\\Users\\user\\Desktop\\BE Project\\env\\Lib\\wsgiref\\headers.py', reloading
[2024-04-13 15:03:58,869] 224 werkzeug -INFO  * Detected change in 'c:\\users\\user\\desktop\\be project\\env\\Lib\\wsgiref\\headers.py', reloading
[2024-04-13 15:03:58,906] 224 werkzeug -INFO  * Detected change in 'C:\\Users\\user\\Desktop\\BE Project\\env\\Lib\\wsgiref\\simple_server.py', reloading
[2024-04-13 15:03:58,907] 224 werkzeug -INFO  * Detected change in 'c:\\users\\user\\desktop\\be project\\env\\Lib\\wsgiref\\simple_server.py', reloading
[2024-04-13 15:03:58,957] 224 werkzeug -INFO  * Detected change in 'C:\\Users\\user\\Desktop\\BE Project\\env\\Lib\\wsgiref\\util.py', reloading
[2024-04-13 15:03:58,958] 224 werkzeug -INFO  * Detected change in 'c:\\users\\user\\desktop\\be project\\env\\Lib\\wsgiref\\util.py', reloading
[2024-04-13 15:03:58,983] 224 werkzeug -INFO  * Detected change in 'C:\\Users\\user\\Desktop\\BE Project\\env\\Lib\\wsgiref\\validate.py', reloading
[2024-04-13 15:03:58,984] 224 werkzeug -INFO  * Detected change in 'c:\\users\\user\\desktop\\be project\\env\\Lib\\wsgiref\\validate.py', reloading
[2024-04-13 15:03:59,014] 224 werkzeug -INFO  * Detected change in 'C:\\Users\\user\\Desktop\\BE Project\\env\\Lib\\xml\\__init__.py', reloading
[2024-04-13 15:03:59,015] 224 werkzeug -INFO  * Detected change in 'c:\\users\\user\\desktop\\be project\\env\\Lib\\xml\\__init__.py', reloading
[2024-04-13 15:03:59,029] 224 werkzeug -INFO  * Detected change in 'c:\\users\\user\\desktop\\be project\\env\\Lib\\xml\\dom\\NodeFilter.py', reloading
[2024-04-13 15:03:59,029] 224 werkzeug -INFO  * Detected change in 'C:\\Users\\user\\Desktop\\BE Project\\env\\Lib\\xml\\dom\\NodeFilter.py', reloading
[2024-04-13 15:03:59,071] 224 werkzeug -INFO  * Detected change in 'C:\\Users\\user\\Desktop\\BE Project\\env\\Lib\\xml\\dom\\__init__.py', reloading
[2024-04-13 15:03:59,072] 224 werkzeug -INFO  * Detected change in 'c:\\users\\user\\desktop\\be project\\env\\Lib\\xml\\dom\\__init__.py', reloading
[2024-04-13 15:03:59,105] 224 werkzeug -INFO  * Detected change in 'C:\\Users\\user\\Desktop\\BE Project\\env\\Lib\\xml\\dom\\domreg.py', reloading
[2024-04-13 15:03:59,106] 224 werkzeug -INFO  * Detected change in 'c:\\users\\user\\desktop\\be project\\env\\Lib\\xml\\dom\\domreg.py', reloading
