[2024-05-02 17:55:06,112] 224 werkzeug -WARNING  * Debugger is active!
[2024-05-02 17:55:06,143] 224 werkzeug -INFO  * Debugger PIN: 118-119-026
[2024-05-02 17:55:06,317] 224 werkzeug -INFO  * Detected change in 'c:\\users\\user\\desktop\\be project\\env\\Lib\\site-packages\\pip\\_vendor\\rich\\table.py', reloading
[2024-05-02 17:55:06,317] 224 werkzeug -INFO  * Detected change in 'C:\\Users\\user\\Desktop\\BE Project\\env\\Lib\\site-packages\\pip\\_vendor\\rich\\table.py', reloading
[2024-05-02 17:55:06,586] 224 werkzeug -INFO  * Detected change in 'c:\\users\\user\\desktop\\be project\\env\\Lib\\site-packages\\pip\\_vendor\\rich\\terminal_theme.py', reloading
[2024-05-02 17:55:06,642] 224 werkzeug -INFO  * Detected change in 'C:\\Users\\user\\Desktop\\BE Project\\env\\Lib\\site-packages\\pip\\_vendor\\rich\\terminal_theme.py', reloading
[2024-05-02 17:55:06,643] 224 werkzeug -INFO  * Detected change in 'c:\\users\\user\\desktop\\be project\\env\\Lib\\site-packages\\pip\\_vendor\\rich\\text.py', reloading
[2024-05-02 17:55:06,643] 224 werkzeug -INFO  * Detected change in 'C:\\Users\\user\\Desktop\\BE Project\\env\\Lib\\site-packages\\pip\\_vendor\\rich\\text.py', reloading
[2024-05-02 17:55:06,787] 224 werkzeug -INFO  * Detected change in 'c:\\users\\user\\desktop\\be project\\env\\Lib\\site-packages\\pip\\_vendor\\rich\\theme.py', reloading
[2024-05-02 17:55:06,787] 224 werkzeug -INFO  * Detected change in 'C:\\Users\\user\\Desktop\\BE Project\\env\\Lib\\site-packages\\pip\\_vendor\\rich\\theme.py', reloading
[2024-05-02 17:55:06,802] 224 werkzeug -INFO  * Detected change in 'c:\\users\\user\\desktop\\be project\\env\\Lib\\site-packages\\pip\\_vendor\\rich\\themes.py', reloading
[2024-05-02 17:55:06,802] 224 werkzeug -INFO  * Detected change in 'C:\\Users\\user\\Desktop\\BE Project\\env\\Lib\\site-packages\\pip\\_vendor\\rich\\themes.py', reloading
[2024-05-02 17:55:06,852] 224 werkzeug -INFO  * Detected change in 'c:\\users\\user\\desktop\\be project\\env\\Lib\\site-packages\\pip\\_vendor\\rich\\traceback.py', reloading
[2024-05-02 17:55:06,852] 224 werkzeug -INFO  * Detected change in 'C:\\Users\\user\\Desktop\\BE Project\\env\\Lib\\site-packages\\pip\\_vendor\\rich\\traceback.py', reloading
[2024-05-02 17:55:06,886] 224 werkzeug -INFO  * Detected change in 'c:\\users\\user\\desktop\\be project\\env\\Lib\\site-packages\\pip\\_vendor\\rich\\tree.py', reloading
[2024-05-02 17:55:06,886] 224 werkzeug -INFO  * Detected change in 'C:\\Users\\user\\Desktop\\BE Project\\env\\Lib\\site-packages\\pip\\_vendor\\rich\\tree.py', reloading
[2024-05-02 17:55:06,901] 224 werkzeug -INFO  * Detected change in 'c:\\users\\user\\desktop\\be project\\env\\Lib\\site-packages\\pip\\_vendor\\tenacity\\__init__.py', reloading
[2024-05-02 17:55:06,901] 224 werkzeug -INFO  * Detected change in 'C:\\Users\\user\\Desktop\\BE Project\\env\\Lib\\site-packages\\pip\\_vendor\\tenacity\\__init__.py', reloading
[2024-05-02 17:55:06,948] 224 werkzeug -INFO  * Detected change in 'c:\\users\\user\\desktop\\be project\\env\\Lib\\site-packages\\pip\\_vendor\\tenacity\\_asyncio.py', reloading
[2024-05-02 17:55:06,948] 224 werkzeug -INFO  * Detected change in 'C:\\Users\\user\\Desktop\\BE Project\\env\\Lib\\site-packages\\pip\\_vendor\\tenacity\\_asyncio.py', reloading
[2024-05-02 17:55:06,964] 224 werkzeug -INFO  * Detected change in 'c:\\users\\user\\desktop\\be project\\env\\Lib\\site-packages\\pip\\_vendor\\tenacity\\_utils.py', reloading
[2024-05-02 17:55:06,964] 224 werkzeug -INFO  * Detected change in 'C:\\Users\\user\\Desktop\\BE Project\\env\\Lib\\site-packages\\pip\\_vendor\\tenacity\\_utils.py', reloading
[2024-05-02 17:55:06,970] 224 werkzeug -INFO  * Detected change in 'c:\\users\\user\\desktop\\be project\\env\\Lib\\site-packages\\pip\\_vendor\\tenacity\\after.py', reloading
[2024-05-02 17:55:06,970] 224 werkzeug -INFO  * Detected change in 'C:\\Users\\user\\Desktop\\BE Project\\env\\Lib\\site-packages\\pip\\_vendor\\tenacity\\after.py', reloading
[2024-05-02 17:55:06,986] 224 werkzeug -INFO  * Detected change in 'c:\\users\\user\\desktop\\be project\\env\\Lib\\site-packages\\pip\\_vendor\\tenacity\\before.py', reloading
[2024-05-02 17:55:06,986] 224 werkzeug -INFO  * Detected change in 'C:\\Users\\user\\Desktop\\BE Project\\env\\Lib\\site-packages\\pip\\_vendor\\tenacity\\before.py', reloading
[2024-05-02 17:55:07,002] 224 werkzeug -INFO  * Detected change in 'c:\\users\\user\\desktop\\be project\\env\\Lib\\site-packages\\pip\\_vendor\\tenacity\\before_sleep.py', reloading
[2024-05-02 17:55:07,002] 224 werkzeug -INFO  * Detected change in 'C:\\Users\\user\\Desktop\\BE Project\\env\\Lib\\site-packages\\pip\\_vendor\\tenacity\\before_sleep.py', reloading
[2024-05-02 17:55:07,017] 224 werkzeug -INFO  * Detected change in 'c:\\users\\user\\desktop\\be project\\env\\Lib\\site-packages\\pip\\_vendor\\tenacity\\nap.py', reloading
[2024-05-02 17:55:07,017] 224 werkzeug -INFO  * Detected change in 'C:\\Users\\user\\Desktop\\BE Project\\env\\Lib\\site-packages\\pip\\_vendor\\tenacity\\nap.py', reloading
[2024-05-02 17:55:07,033] 224 werkzeug -INFO  * Detected change in 'c:\\users\\user\\desktop\\be project\\env\\Lib\\site-packages\\pip\\_vendor\\tenacity\\retry.py', reloading
[2024-05-02 17:55:07,033] 224 werkzeug -INFO  * Detected change in 'C:\\Users\\user\\Desktop\\BE Project\\env\\Lib\\site-packages\\pip\\_vendor\\tenacity\\retry.py', reloading
[2024-05-02 17:55:07,049] 224 werkzeug -INFO  * Detected change in 'c:\\users\\user\\desktop\\be project\\env\\Lib\\site-packages\\pip\\_vendor\\tenacity\\stop.py', reloading
[2024-05-02 17:55:07,049] 224 werkzeug -INFO  * Detected change in 'C:\\Users\\user\\Desktop\\BE Project\\env\\Lib\\site-packages\\pip\\_vendor\\tenacity\\stop.py', reloading
[2024-05-02 17:55:07,071] 224 werkzeug -INFO  * Detected change in 'c:\\users\\user\\desktop\\be project\\env\\Lib\\site-packages\\pip\\_vendor\\tenacity\\tornadoweb.py', reloading
[2024-05-02 17:55:07,071] 224 werkzeug -INFO  * Detected change in 'C:\\Users\\user\\Desktop\\BE Project\\env\\Lib\\site-packages\\pip\\_vendor\\tenacity\\tornadoweb.py', reloading
[2024-05-02 17:55:07,086] 224 werkzeug -INFO  * Detected change in 'c:\\users\\user\\desktop\\be project\\env\\Lib\\site-packages\\pip\\_vendor\\tenacity\\wait.py', reloading
[2024-05-02 17:55:07,086] 224 werkzeug -INFO  * Detected change in 'C:\\Users\\user\\Desktop\\BE Project\\env\\Lib\\site-packages\\pip\\_vendor\\tenacity\\wait.py', reloading
[2024-05-02 17:55:07,118] 224 werkzeug -INFO  * Detected change in 'c:\\users\\user\\desktop\\be project\\env\\Lib\\site-packages\\pip\\_vendor\\tomli\\__init__.py', reloading
[2024-05-02 17:55:07,118] 224 werkzeug -INFO  * Detected change in 'C:\\Users\\user\\Desktop\\BE Project\\env\\Lib\\site-packages\\pip\\_vendor\\tomli\\__init__.py', reloading
[2024-05-02 17:55:07,133] 224 werkzeug -INFO  * Detected change in 'c:\\users\\user\\desktop\\be project\\env\\Lib\\site-packages\\pip\\_vendor\\tomli\\_parser.py', reloading
[2024-05-02 17:55:07,133] 224 werkzeug -INFO  * Detected change in 'C:\\Users\\user\\Desktop\\BE Project\\env\\Lib\\site-packages\\pip\\_vendor\\tomli\\_parser.py', reloading
[2024-05-02 17:55:07,202] 224 werkzeug -INFO  * Detected change in 'c:\\users\\user\\desktop\\be project\\env\\Lib\\site-packages\\pip\\_vendor\\tomli\\_re.py', reloading
[2024-05-02 17:55:07,202] 224 werkzeug -INFO  * Detected change in 'C:\\Users\\user\\Desktop\\BE Project\\env\\Lib\\site-packages\\pip\\_vendor\\tomli\\_re.py', reloading
[2024-05-02 17:55:07,218] 224 werkzeug -INFO  * Detected change in 'c:\\users\\user\\desktop\\be project\\env\\Lib\\site-packages\\pip\\_vendor\\tomli\\_types.py', reloading
[2024-05-02 17:55:07,218] 224 werkzeug -INFO  * Detected change in 'C:\\Users\\user\\Desktop\\BE Project\\env\\Lib\\site-packages\\pip\\_vendor\\tomli\\_types.py', reloading
[2024-05-02 17:55:07,218] 224 werkzeug -INFO  * Detected change in 'c:\\users\\user\\desktop\\be project\\env\\Lib\\site-packages\\pip\\_vendor\\truststore\\__init__.py', reloading
[2024-05-02 17:55:07,218] 224 werkzeug -INFO  * Detected change in 'C:\\Users\\user\\Desktop\\BE Project\\env\\Lib\\site-packages\\pip\\_vendor\\truststore\\__init__.py', reloading
[2024-05-02 17:55:07,233] 224 werkzeug -INFO  * Detected change in 'C:\\Users\\user\\Desktop\\BE Project\\env\\Lib\\site-packages\\pip\\_vendor\\truststore\\_api.py', reloading
[2024-05-02 17:55:07,233] 224 werkzeug -INFO  * Detected change in 'c:\\users\\user\\desktop\\be project\\env\\Lib\\site-packages\\pip\\_vendor\\truststore\\_api.py', reloading
