[2024-05-02 17:55:17,093] 224 werkzeug -WARNING  * Debugger is active!
[2024-05-02 17:55:17,104] 224 werkzeug -INFO  * Debugger PIN: 118-119-026
[2024-05-02 17:55:17,221] 224 werkzeug -INFO  * Detected change in 'c:\\users\\user\\desktop\\be project\\env\\Lib\\sqlite3\\test\\types.py', reloading
[2024-05-02 17:55:17,221] 224 werkzeug -INFO  * Detected change in 'C:\\Users\\user\\Desktop\\BE Project\\env\\Lib\\sqlite3\\test\\types.py', reloading
[2024-05-02 17:55:17,259] 224 werkzeug -INFO  * Detected change in 'c:\\users\\user\\desktop\\be project\\env\\Lib\\sqlite3\\test\\userfunctions.py', reloading
[2024-05-02 17:55:17,275] 224 werkzeug -INFO  * Detected change in 'C:\\Users\\user\\Desktop\\BE Project\\env\\Lib\\sqlite3\\test\\userfunctions.py', reloading
[2024-05-02 17:55:17,322] 224 werkzeug -INFO  * Detected change in 'c:\\users\\user\\desktop\\be project\\env\\Lib\\test\\__init__.py', reloading
[2024-05-02 17:55:17,322] 224 werkzeug -INFO  * Detected change in 'C:\\Users\\user\\Desktop\\BE Project\\env\\Lib\\test\\__init__.py', reloading
[2024-05-02 17:55:17,359] 224 werkzeug -INFO  * Detected change in 'c:\\users\\user\\desktop\\be project\\env\\Lib\\test\\support\\__init__.py', reloading
[2024-05-02 17:55:17,359] 224 werkzeug -INFO  * Detected change in 'C:\\Users\\user\\Desktop\\BE Project\\env\\Lib\\test\\support\\__init__.py', reloading
[2024-05-02 17:55:17,567] 224 werkzeug -INFO  * Detected change in 'C:\\Users\\user\\Desktop\\BE Project\\env\\Lib\\test\\support\\script_helper.py', reloading
[2024-05-02 17:55:17,567] 224 werkzeug -INFO  * Detected change in 'c:\\users\\user\\desktop\\be project\\env\\Lib\\test\\support\\script_helper.py', reloading
[2024-05-02 17:55:17,598] 224 werkzeug -INFO  * Detected change in 'c:\\users\\user\\desktop\\be project\\env\\Lib\\test\\support\\testresult.py', reloading
[2024-05-02 17:55:17,598] 224 werkzeug -INFO  * Detected change in 'C:\\Users\\user\\Desktop\\BE Project\\env\\Lib\\test\\support\\testresult.py', reloading
[2024-05-02 17:55:17,657] 224 werkzeug -INFO  * Detected change in 'c:\\users\\user\\desktop\\be project\\env\\Lib\\tkinter\\__init__.py', reloading
[2024-05-02 17:55:17,657] 224 werkzeug -INFO  * Detected change in 'C:\\Users\\user\\Desktop\\BE Project\\env\\Lib\\tkinter\\__init__.py', reloading
[2024-05-02 17:55:17,880] 224 werkzeug -INFO  * Detected change in 'c:\\users\\user\\desktop\\be project\\env\\Lib\\tkinter\\__main__.py', reloading
[2024-05-02 17:55:17,880] 224 werkzeug -INFO  * Detected change in 'C:\\Users\\user\\Desktop\\BE Project\\env\\Lib\\tkinter\\__main__.py', reloading
[2024-05-02 17:55:17,933] 224 werkzeug -INFO  * Detected change in 'C:\\Users\\user\\Desktop\\BE Project\\env\\Lib\\tkinter\\colorchooser.py', reloading
[2024-05-02 17:55:17,933] 224 werkzeug -INFO  * Detected change in 'c:\\users\\user\\desktop\\be project\\env\\Lib\\tkinter\\colorchooser.py', reloading
[2024-05-02 17:55:17,949] 224 werkzeug -INFO  * Detected change in 'c:\\users\\user\\desktop\\be project\\env\\Lib\\tkinter\\commondialog.py', reloading
[2024-05-02 17:55:17,949] 224 werkzeug -INFO  * Detected change in 'C:\\Users\\user\\Desktop\\BE Project\\env\\Lib\\tkinter\\commondialog.py', reloading
[2024-05-02 17:55:17,980] 224 werkzeug -INFO  * Detected change in 'c:\\users\\user\\desktop\\be project\\env\\Lib\\tkinter\\constants.py', reloading
[2024-05-02 17:55:17,980] 224 werkzeug -INFO  * Detected change in 'C:\\Users\\user\\Desktop\\BE Project\\env\\Lib\\tkinter\\constants.py', reloading
[2024-05-02 17:55:17,996] 224 werkzeug -INFO  * Detected change in 'c:\\users\\user\\desktop\\be project\\env\\Lib\\tkinter\\dialog.py', reloading
[2024-05-02 17:55:17,996] 224 werkzeug -INFO  * Detected change in 'C:\\Users\\user\\Desktop\\BE Project\\env\\Lib\\tkinter\\dialog.py', reloading
[2024-05-02 17:55:18,018] 224 werkzeug -INFO  * Detected change in 'c:\\users\\user\\desktop\\be project\\env\\Lib\\tkinter\\dnd.py', reloading
[2024-05-02 17:55:18,018] 224 werkzeug -INFO  * Detected change in 'C:\\Users\\user\\Desktop\\BE Project\\env\\Lib\\tkinter\\dnd.py', reloading
[2024-05-02 17:55:18,049] 224 werkzeug -INFO  * Detected change in 'c:\\users\\user\\desktop\\be project\\env\\Lib\\tkinter\\filedialog.py', reloading
[2024-05-02 17:55:18,049] 224 werkzeug -INFO  * Detected change in 'C:\\Users\\user\\Desktop\\BE Project\\env\\Lib\\tkinter\\filedialog.py', reloading
[2024-05-02 17:55:18,065] 224 werkzeug -INFO  * Detected change in 'c:\\users\\user\\desktop\\be project\\env\\Lib\\tkinter\\font.py', reloading
[2024-05-02 17:55:18,065] 224 werkzeug -INFO  * Detected change in 'C:\\Users\\user\\Desktop\\BE Project\\env\\Lib\\tkinter\\font.py', reloading
[2024-05-02 17:55:18,096] 224 werkzeug -INFO  * Detected change in 'c:\\users\\user\\desktop\\be project\\env\\Lib\\tkinter\\messagebox.py', reloading
[2024-05-02 17:55:18,096] 224 werkzeug -INFO  * Detected change in 'C:\\Users\\user\\Desktop\\BE Project\\env\\Lib\\tkinter\\messagebox.py', reloading
[2024-05-02 17:55:18,118] 224 werkzeug -INFO  * Detected change in 'c:\\users\\user\\desktop\\be project\\env\\Lib\\tkinter\\scrolledtext.py', reloading
[2024-05-02 17:55:18,118] 224 werkzeug -INFO  * Detected change in 'C:\\Users\\user\\Desktop\\BE Project\\env\\Lib\\tkinter\\scrolledtext.py', reloading
[2024-05-02 17:55:18,134] 224 werkzeug -INFO  * Detected change in 'c:\\users\\user\\desktop\\be project\\env\\Lib\\tkinter\\simpledialog.py', reloading
[2024-05-02 17:55:18,134] 224 werkzeug -INFO  * Detected change in 'C:\\Users\\user\\Desktop\\BE Project\\env\\Lib\\tkinter\\simpledialog.py', reloading
[2024-05-02 17:55:18,165] 224 werkzeug -INFO  * Detected change in 'c:\\users\\user\\desktop\\be project\\env\\Lib\\tkinter\\tix.py', reloading
[2024-05-02 17:55:18,165] 224 werkzeug -INFO  * Detected change in 'C:\\Users\\user\\Desktop\\BE Project\\env\\Lib\\tkinter\\tix.py', reloading
