[2024-03-02 19:49:00,471] 224 werkzeug -WARNING  * Debugger is active!
[2024-03-02 19:49:00,475] 224 werkzeug -INFO  * Debugger PIN: 420-491-295
[2024-03-02 19:49:00,515] 224 werkzeug -INFO  * Detected change in 'D:\\DevOps\\Project\\BE Project\\Outfit Recommendation\\env\\Lib\\distutils\\tests\\test_archive_util.py', reloading
[2024-03-02 19:49:00,539] 224 werkzeug -INFO  * Detected change in 'D:\\DevOps\\Project\\BE Project\\Outfit Recommendation\\env\\Lib\\distutils\\tests\\test_bdist.py', reloading
[2024-03-02 19:49:00,555] 224 werkzeug -INFO  * Detected change in 'D:\\DevOps\\Project\\BE Project\\Outfit Recommendation\\env\\Lib\\distutils\\tests\\test_bdist_dumb.py', reloading
[2024-03-02 19:49:00,571] 224 werkzeug -INFO  * Detected change in 'D:\\DevOps\\Project\\BE Project\\Outfit Recommendation\\env\\Lib\\distutils\\tests\\test_bdist_msi.py', reloading
[2024-03-02 19:49:00,591] 224 werkzeug -INFO  * Detected change in 'D:\\DevOps\\Project\\BE Project\\Outfit Recommendation\\env\\Lib\\distutils\\tests\\test_bdist_rpm.py', reloading
[2024-03-02 19:49:00,611] 224 werkzeug -INFO  * Detected change in 'D:\\DevOps\\Project\\BE Project\\Outfit Recommendation\\env\\Lib\\distutils\\tests\\test_bdist_wininst.py', reloading
[2024-03-02 19:49:00,627] 224 werkzeug -INFO  * Detected change in 'D:\\DevOps\\Project\\BE Project\\Outfit Recommendation\\env\\Lib\\distutils\\tests\\test_build.py', reloading
[2024-03-02 19:49:00,643] 224 werkzeug -INFO  * Detected change in 'D:\\DevOps\\Project\\BE Project\\Outfit Recommendation\\env\\Lib\\distutils\\tests\\test_build_clib.py', reloading
[2024-03-02 19:49:00,655] 224 werkzeug -INFO  * Detected change in 'D:\\DevOps\\Project\\BE Project\\Outfit Recommendation\\env\\Lib\\distutils\\tests\\test_build_ext.py', reloading
[2024-03-02 19:49:00,683] 224 werkzeug -INFO  * Detected change in 'D:\\DevOps\\Project\\BE Project\\Outfit Recommendation\\env\\Lib\\distutils\\tests\\test_build_py.py', reloading
[2024-03-02 19:49:00,703] 224 werkzeug -INFO  * Detected change in 'D:\\DevOps\\Project\\BE Project\\Outfit Recommendation\\env\\Lib\\distutils\\tests\\test_build_scripts.py', reloading
[2024-03-02 19:49:00,719] 224 werkzeug -INFO  * Detected change in 'D:\\DevOps\\Project\\BE Project\\Outfit Recommendation\\env\\Lib\\distutils\\tests\\test_check.py', reloading
[2024-03-02 19:49:00,747] 224 werkzeug -INFO  * Detected change in 'D:\\DevOps\\Project\\BE Project\\Outfit Recommendation\\env\\Lib\\distutils\\tests\\test_clean.py', reloading
[2024-03-02 19:49:00,759] 224 werkzeug -INFO  * Detected change in 'D:\\DevOps\\Project\\BE Project\\Outfit Recommendation\\env\\Lib\\distutils\\tests\\test_cmd.py', reloading
[2024-03-02 19:49:00,775] 224 werkzeug -INFO  * Detected change in 'D:\\DevOps\\Project\\BE Project\\Outfit Recommendation\\env\\Lib\\distutils\\tests\\test_config.py', reloading
[2024-03-02 19:49:00,787] 224 werkzeug -INFO  * Detected change in 'D:\\DevOps\\Project\\BE Project\\Outfit Recommendation\\env\\Lib\\distutils\\tests\\test_config_cmd.py', reloading
[2024-03-02 19:49:00,799] 224 werkzeug -INFO  * Detected change in 'D:\\DevOps\\Project\\BE Project\\Outfit Recommendation\\env\\Lib\\distutils\\tests\\test_core.py', reloading
[2024-03-02 19:49:00,811] 224 werkzeug -INFO  * Detected change in 'D:\\DevOps\\Project\\BE Project\\Outfit Recommendation\\env\\Lib\\distutils\\tests\\test_cygwinccompiler.py', reloading
[2024-03-02 19:49:00,823] 224 werkzeug -INFO  * Detected change in 'D:\\DevOps\\Project\\BE Project\\Outfit Recommendation\\env\\Lib\\distutils\\tests\\test_dep_util.py', reloading
[2024-03-02 19:49:00,831] 224 werkzeug -INFO  * Detected change in 'D:\\DevOps\\Project\\BE Project\\Outfit Recommendation\\env\\Lib\\distutils\\tests\\test_dir_util.py', reloading
[2024-03-02 19:49:00,843] 224 werkzeug -INFO  * Detected change in 'D:\\DevOps\\Project\\BE Project\\Outfit Recommendation\\env\\Lib\\distutils\\tests\\test_dist.py', reloading
[2024-03-02 19:49:00,867] 224 werkzeug -INFO  * Detected change in 'D:\\DevOps\\Project\\BE Project\\Outfit Recommendation\\env\\Lib\\distutils\\tests\\test_extension.py', reloading
[2024-03-02 19:49:00,879] 224 werkzeug -INFO  * Detected change in 'D:\\DevOps\\Project\\BE Project\\Outfit Recommendation\\env\\Lib\\distutils\\tests\\test_file_util.py', reloading
[2024-03-02 19:49:00,887] 224 werkzeug -INFO  * Detected change in 'D:\\DevOps\\Project\\BE Project\\Outfit Recommendation\\env\\Lib\\distutils\\tests\\test_filelist.py', reloading
[2024-03-02 19:49:00,903] 224 werkzeug -INFO  * Detected change in 'D:\\DevOps\\Project\\BE Project\\Outfit Recommendation\\env\\Lib\\distutils\\tests\\test_install.py', reloading
[2024-03-02 19:49:00,919] 224 werkzeug -INFO  * Detected change in 'D:\\DevOps\\Project\\BE Project\\Outfit Recommendation\\env\\Lib\\distutils\\tests\\test_install_data.py', reloading
[2024-03-02 19:49:00,939] 224 werkzeug -INFO  * Detected change in 'D:\\DevOps\\Project\\BE Project\\Outfit Recommendation\\env\\Lib\\distutils\\tests\\test_install_headers.py', reloading
[2024-03-02 19:49:00,951] 224 werkzeug -INFO  * Detected change in 'D:\\DevOps\\Project\\BE Project\\Outfit Recommendation\\env\\Lib\\distutils\\tests\\test_install_lib.py', reloading
[2024-03-02 19:49:00,967] 224 werkzeug -INFO  * Detected change in 'D:\\DevOps\\Project\\BE Project\\Outfit Recommendation\\env\\Lib\\distutils\\tests\\test_install_scripts.py', reloading
[2024-03-02 19:49:00,987] 224 werkzeug -INFO  * Detected change in 'D:\\DevOps\\Project\\BE Project\\Outfit Recommendation\\env\\Lib\\distutils\\tests\\test_log.py', reloading
[2024-03-02 19:49:00,999] 224 werkzeug -INFO  * Detected change in 'D:\\DevOps\\Project\\BE Project\\Outfit Recommendation\\env\\Lib\\distutils\\tests\\test_msvc9compiler.py', reloading
[2024-03-02 19:49:01,015] 224 werkzeug -INFO  * Detected change in 'D:\\DevOps\\Project\\BE Project\\Outfit Recommendation\\env\\Lib\\distutils\\tests\\test_msvccompiler.py', reloading
[2024-03-02 19:49:01,031] 224 werkzeug -INFO  * Detected change in 'D:\\DevOps\\Project\\BE Project\\Outfit Recommendation\\env\\Lib\\distutils\\tests\\test_register.py', reloading
[2024-03-02 19:49:01,055] 224 werkzeug -INFO  * Detected change in 'D:\\DevOps\\Project\\BE Project\\Outfit Recommendation\\env\\Lib\\distutils\\tests\\test_sdist.py', reloading
[2024-03-02 19:49:01,075] 224 werkzeug -INFO  * Detected change in 'D:\\DevOps\\Project\\BE Project\\Outfit Recommendation\\env\\Lib\\distutils\\tests\\test_spawn.py', reloading
[2024-03-02 19:49:01,087] 224 werkzeug -INFO  * Detected change in 'D:\\DevOps\\Project\\BE Project\\Outfit Recommendation\\env\\Lib\\distutils\\tests\\test_sysconfig.py', reloading
[2024-03-02 19:49:01,107] 224 werkzeug -INFO  * Detected change in 'D:\\DevOps\\Project\\BE Project\\Outfit Recommendation\\env\\Lib\\distutils\\tests\\test_text_file.py', reloading
[2024-03-02 19:49:01,119] 224 werkzeug -INFO  * Detected change in 'D:\\DevOps\\Project\\BE Project\\Outfit Recommendation\\env\\Lib\\distutils\\tests\\test_unixccompiler.py', reloading
[2024-03-02 19:49:01,131] 224 werkzeug -INFO  * Detected change in 'D:\\DevOps\\Project\\BE Project\\Outfit Recommendation\\env\\Lib\\distutils\\tests\\test_upload.py', reloading
[2024-03-02 19:49:01,151] 224 werkzeug -INFO  * Detected change in 'D:\\DevOps\\Project\\BE Project\\Outfit Recommendation\\env\\Lib\\distutils\\tests\\test_util.py', reloading
[2024-03-02 19:49:01,171] 224 werkzeug -INFO  * Detected change in 'D:\\DevOps\\Project\\BE Project\\Outfit Recommendation\\env\\Lib\\distutils\\tests\\test_version.py', reloading
[2024-03-02 19:49:01,183] 224 werkzeug -INFO  * Detected change in 'D:\\DevOps\\Project\\BE Project\\Outfit Recommendation\\env\\Lib\\distutils\\tests\\test_versionpredicate.py', reloading
[2024-03-02 19:49:01,195] 224 werkzeug -INFO  * Detected change in 'D:\\DevOps\\Project\\BE Project\\Outfit Recommendation\\env\\Lib\\email\\__init__.py', reloading
[2024-03-02 19:49:01,219] 224 werkzeug -INFO  * Detected change in 'D:\\DevOps\\Project\\BE Project\\Outfit Recommendation\\env\\Lib\\email\\_encoded_words.py', reloading
[2024-03-02 19:49:01,247] 224 werkzeug -INFO  * Detected change in 'D:\\DevOps\\Project\\BE Project\\Outfit Recommendation\\env\\Lib\\email\\_header_value_parser.py', reloading
[2024-03-02 19:49:01,347] 224 werkzeug -INFO  * Detected change in 'D:\\DevOps\\Project\\BE Project\\Outfit Recommendation\\env\\Lib\\email\\_parseaddr.py', reloading
[2024-03-02 19:49:01,379] 224 werkzeug -INFO  * Detected change in 'D:\\DevOps\\Project\\BE Project\\Outfit Recommendation\\env\\Lib\\email\\_policybase.py', reloading
[2024-03-02 19:49:01,403] 224 werkzeug -INFO  * Detected change in 'D:\\DevOps\\Project\\BE Project\\Outfit Recommendation\\env\\Lib\\email\\base64mime.py', reloading
[2024-03-02 19:49:01,423] 224 werkzeug -INFO  * Detected change in 'D:\\DevOps\\Project\\BE Project\\Outfit Recommendation\\env\\Lib\\email\\charset.py', reloading
[2024-03-02 19:49:01,451] 224 werkzeug -INFO  * Detected change in 'D:\\DevOps\\Project\\BE Project\\Outfit Recommendation\\env\\Lib\\email\\contentmanager.py', reloading
[2024-03-02 19:49:01,483] 224 werkzeug -INFO  * Detected change in 'D:\\DevOps\\Project\\BE Project\\Outfit Recommendation\\env\\Lib\\email\\encoders.py', reloading
[2024-03-02 19:49:01,507] 224 werkzeug -INFO  * Detected change in 'D:\\DevOps\\Project\\BE Project\\Outfit Recommendation\\env\\Lib\\email\\errors.py', reloading
