[2024-05-02 17:54:34,616] 224 werkzeug -WARNING  * Debugger is active!
[2024-05-02 17:54:34,624] 224 werkzeug -INFO  * Debugger PIN: 118-119-026
[2024-05-02 17:54:34,738] 224 werkzeug -INFO  * Detected change in 'c:\\users\\user\\desktop\\be project\\env\\Lib\\ctypes\\_aix.py', reloading
[2024-05-02 17:54:34,738] 224 werkzeug -INFO  * Detected change in 'C:\\Users\\user\\Desktop\\BE Project\\env\\Lib\\ctypes\\_aix.py', reloading
[2024-05-02 17:54:34,757] 224 werkzeug -INFO  * Detected change in 'c:\\users\\user\\desktop\\be project\\env\\Lib\\ctypes\\_endian.py', reloading
[2024-05-02 17:54:34,757] 224 werkzeug -INFO  * Detected change in 'C:\\Users\\user\\Desktop\\BE Project\\env\\Lib\\ctypes\\_endian.py', reloading
[2024-05-02 17:54:34,779] 224 werkzeug -INFO  * Detected change in 'c:\\users\\user\\desktop\\be project\\env\\Lib\\ctypes\\util.py', reloading
[2024-05-02 17:54:34,779] 224 werkzeug -INFO  * Detected change in 'C:\\Users\\user\\Desktop\\BE Project\\env\\Lib\\ctypes\\util.py', reloading
[2024-05-02 17:54:34,797] 224 werkzeug -INFO  * Detected change in 'c:\\users\\user\\desktop\\be project\\env\\Lib\\ctypes\\wintypes.py', reloading
[2024-05-02 17:54:34,797] 224 werkzeug -INFO  * Detected change in 'C:\\Users\\user\\Desktop\\BE Project\\env\\Lib\\ctypes\\wintypes.py', reloading
[2024-05-02 17:54:34,807] 224 werkzeug -INFO  * Detected change in 'c:\\users\\user\\desktop\\be project\\env\\Lib\\ctypes\\macholib\\__init__.py', reloading
[2024-05-02 17:54:34,807] 224 werkzeug -INFO  * Detected change in 'C:\\Users\\user\\Desktop\\BE Project\\env\\Lib\\ctypes\\macholib\\__init__.py', reloading
[2024-05-02 17:54:34,850] 224 werkzeug -INFO  * Detected change in 'C:\\Users\\user\\Desktop\\BE Project\\env\\Lib\\ctypes\\macholib\\dyld.py', reloading
[2024-05-02 17:54:34,866] 224 werkzeug -INFO  * Detected change in 'c:\\users\\user\\desktop\\be project\\env\\Lib\\ctypes\\macholib\\dyld.py', reloading
[2024-05-02 17:54:34,881] 224 werkzeug -INFO  * Detected change in 'C:\\Users\\user\\Desktop\\BE Project\\env\\Lib\\ctypes\\macholib\\dylib.py', reloading
[2024-05-02 17:54:34,881] 224 werkzeug -INFO  * Detected change in 'c:\\users\\user\\desktop\\be project\\env\\Lib\\ctypes\\macholib\\dylib.py', reloading
[2024-05-02 17:54:34,897] 224 werkzeug -INFO  * Detected change in 'c:\\users\\user\\desktop\\be project\\env\\Lib\\ctypes\\macholib\\framework.py', reloading
[2024-05-02 17:54:34,897] 224 werkzeug -INFO  * Detected change in 'C:\\Users\\user\\Desktop\\BE Project\\env\\Lib\\ctypes\\macholib\\framework.py', reloading
[2024-05-02 17:54:34,908] 224 werkzeug -INFO  * Detected change in 'c:\\users\\user\\desktop\\be project\\env\\Lib\\ctypes\\test\\__init__.py', reloading
[2024-05-02 17:54:34,908] 224 werkzeug -INFO  * Detected change in 'C:\\Users\\user\\Desktop\\BE Project\\env\\Lib\\ctypes\\test\\__init__.py', reloading
[2024-05-02 17:54:34,955] 224 werkzeug -INFO  * Detected change in 'C:\\Users\\user\\Desktop\\BE Project\\env\\Lib\\ctypes\\test\\__main__.py', reloading
[2024-05-02 17:54:34,955] 224 werkzeug -INFO  * Detected change in 'c:\\users\\user\\desktop\\be project\\env\\Lib\\ctypes\\test\\__main__.py', reloading
[2024-05-02 17:54:34,970] 224 werkzeug -INFO  * Detected change in 'c:\\users\\user\\desktop\\be project\\env\\Lib\\ctypes\\test\\test_anon.py', reloading
[2024-05-02 17:54:34,970] 224 werkzeug -INFO  * Detected change in 'C:\\Users\\user\\Desktop\\BE Project\\env\\Lib\\ctypes\\test\\test_anon.py', reloading
[2024-05-02 17:54:34,970] 224 werkzeug -INFO  * Detected change in 'C:\\Users\\user\\Desktop\\BE Project\\env\\Lib\\ctypes\\test\\test_array_in_pointer.py', reloading
[2024-05-02 17:54:34,970] 224 werkzeug -INFO  * Detected change in 'c:\\users\\user\\desktop\\be project\\env\\Lib\\ctypes\\test\\test_array_in_pointer.py', reloading
[2024-05-02 17:54:35,030] 224 werkzeug -INFO  * Detected change in 'c:\\users\\user\\desktop\\be project\\env\\Lib\\ctypes\\test\\test_arrays.py', reloading
[2024-05-02 17:54:35,030] 224 werkzeug -INFO  * Detected change in 'C:\\Users\\user\\Desktop\\BE Project\\env\\Lib\\ctypes\\test\\test_arrays.py', reloading
[2024-05-02 17:54:35,046] 224 werkzeug -INFO  * Detected change in 'C:\\Users\\user\\Desktop\\BE Project\\env\\Lib\\ctypes\\test\\test_as_parameter.py', reloading
[2024-05-02 17:54:35,046] 224 werkzeug -INFO  * Detected change in 'c:\\users\\user\\desktop\\be project\\env\\Lib\\ctypes\\test\\test_as_parameter.py', reloading
[2024-05-02 17:54:35,108] 224 werkzeug -INFO  * Detected change in 'c:\\users\\user\\desktop\\be project\\env\\Lib\\ctypes\\test\\test_bitfields.py', reloading
[2024-05-02 17:54:35,108] 224 werkzeug -INFO  * Detected change in 'C:\\Users\\user\\Desktop\\BE Project\\env\\Lib\\ctypes\\test\\test_bitfields.py', reloading
[2024-05-02 17:54:35,127] 224 werkzeug -INFO  * Detected change in 'C:\\Users\\user\\Desktop\\BE Project\\env\\Lib\\ctypes\\test\\test_buffers.py', reloading
[2024-05-02 17:54:35,135] 224 werkzeug -INFO  * Detected change in 'c:\\users\\user\\desktop\\be project\\env\\Lib\\ctypes\\test\\test_buffers.py', reloading
[2024-05-02 17:54:35,135] 224 werkzeug -INFO  * Detected change in 'c:\\users\\user\\desktop\\be project\\env\\Lib\\ctypes\\test\\test_bytes.py', reloading
[2024-05-02 17:54:35,135] 224 werkzeug -INFO  * Detected change in 'C:\\Users\\user\\Desktop\\BE Project\\env\\Lib\\ctypes\\test\\test_bytes.py', reloading
[2024-05-02 17:54:35,163] 224 werkzeug -INFO  * Detected change in 'C:\\Users\\user\\Desktop\\BE Project\\env\\Lib\\ctypes\\test\\test_byteswap.py', reloading
[2024-05-02 17:54:35,163] 224 werkzeug -INFO  * Detected change in 'c:\\users\\user\\desktop\\be project\\env\\Lib\\ctypes\\test\\test_byteswap.py', reloading
[2024-05-02 17:54:35,179] 224 werkzeug -INFO  * Detected change in 'c:\\users\\user\\desktop\\be project\\env\\Lib\\ctypes\\test\\test_callbacks.py', reloading
[2024-05-02 17:54:35,179] 224 werkzeug -INFO  * Detected change in 'C:\\Users\\user\\Desktop\\BE Project\\env\\Lib\\ctypes\\test\\test_callbacks.py', reloading
[2024-05-02 17:54:35,254] 224 werkzeug -INFO  * Detected change in 'c:\\users\\user\\desktop\\be project\\env\\Lib\\ctypes\\test\\test_cast.py', reloading
[2024-05-02 17:54:35,254] 224 werkzeug -INFO  * Detected change in 'C:\\Users\\user\\Desktop\\BE Project\\env\\Lib\\ctypes\\test\\test_cast.py', reloading
[2024-05-02 17:54:35,285] 224 werkzeug -INFO  * Detected change in 'c:\\users\\user\\desktop\\be project\\env\\Lib\\ctypes\\test\\test_cfuncs.py', reloading
[2024-05-02 17:54:35,285] 224 werkzeug -INFO  * Detected change in 'C:\\Users\\user\\Desktop\\BE Project\\env\\Lib\\ctypes\\test\\test_cfuncs.py', reloading
[2024-05-02 17:54:35,301] 224 werkzeug -INFO  * Detected change in 'c:\\users\\user\\desktop\\be project\\env\\Lib\\ctypes\\test\\test_checkretval.py', reloading
[2024-05-02 17:54:35,301] 224 werkzeug -INFO  * Detected change in 'C:\\Users\\user\\Desktop\\BE Project\\env\\Lib\\ctypes\\test\\test_checkretval.py', reloading
[2024-05-02 17:54:35,308] 224 werkzeug -INFO  * Detected change in 'c:\\users\\user\\desktop\\be project\\env\\Lib\\ctypes\\test\\test_delattr.py', reloading
[2024-05-02 17:54:35,308] 224 werkzeug -INFO  * Detected change in 'C:\\Users\\user\\Desktop\\BE Project\\env\\Lib\\ctypes\\test\\test_delattr.py', reloading
[2024-05-02 17:54:35,323] 224 werkzeug -INFO  * Detected change in 'C:\\Users\\user\\Desktop\\BE Project\\env\\Lib\\ctypes\\test\\test_errno.py', reloading
[2024-05-02 17:54:35,323] 224 werkzeug -INFO  * Detected change in 'c:\\users\\user\\desktop\\be project\\env\\Lib\\ctypes\\test\\test_errno.py', reloading
[2024-05-02 17:54:35,339] 224 werkzeug -INFO  * Detected change in 'c:\\users\\user\\desktop\\be project\\env\\Lib\\ctypes\\test\\test_find.py', reloading
[2024-05-02 17:54:35,354] 224 werkzeug -INFO  * Detected change in 'C:\\Users\\user\\Desktop\\BE Project\\env\\Lib\\ctypes\\test\\test_find.py', reloading
[2024-05-02 17:54:35,370] 224 werkzeug -INFO  * Detected change in 'c:\\users\\user\\desktop\\be project\\env\\Lib\\ctypes\\test\\test_frombuffer.py', reloading
[2024-05-02 17:54:35,370] 224 werkzeug -INFO  * Detected change in 'C:\\Users\\user\\Desktop\\BE Project\\env\\Lib\\ctypes\\test\\test_frombuffer.py', reloading
[2024-05-02 17:54:35,386] 224 werkzeug -INFO  * Detected change in 'c:\\users\\user\\desktop\\be project\\env\\Lib\\ctypes\\test\\test_funcptr.py', reloading
[2024-05-02 17:54:35,401] 224 werkzeug -INFO  * Detected change in 'C:\\Users\\user\\Desktop\\BE Project\\env\\Lib\\ctypes\\test\\test_funcptr.py', reloading
[2024-05-02 17:54:35,408] 224 werkzeug -INFO  * Detected change in 'C:\\Users\\user\\Desktop\\BE Project\\env\\Lib\\ctypes\\test\\test_functions.py', reloading
[2024-05-02 17:54:35,423] 224 werkzeug -INFO  * Detected change in 'c:\\users\\user\\desktop\\be project\\env\\Lib\\ctypes\\test\\test_functions.py', reloading
[2024-05-02 17:54:35,470] 224 werkzeug -INFO  * Detected change in 'c:\\users\\user\\desktop\\be project\\env\\Lib\\ctypes\\test\\test_incomplete.py', reloading
[2024-05-02 17:54:35,470] 224 werkzeug -INFO  * Detected change in 'C:\\Users\\user\\Desktop\\BE Project\\env\\Lib\\ctypes\\test\\test_incomplete.py', reloading
[2024-05-02 17:54:35,486] 224 werkzeug -INFO  * Detected change in 'c:\\users\\user\\desktop\\be project\\env\\Lib\\ctypes\\test\\test_init.py', reloading
[2024-05-02 17:54:35,486] 224 werkzeug -INFO  * Detected change in 'C:\\Users\\user\\Desktop\\BE Project\\env\\Lib\\ctypes\\test\\test_init.py', reloading
[2024-05-02 17:54:35,502] 224 werkzeug -INFO  * Detected change in 'c:\\users\\user\\desktop\\be project\\env\\Lib\\ctypes\\test\\test_internals.py', reloading
[2024-05-02 17:54:35,502] 224 werkzeug -INFO  * Detected change in 'C:\\Users\\user\\Desktop\\BE Project\\env\\Lib\\ctypes\\test\\test_internals.py', reloading
[2024-05-02 17:54:35,524] 224 werkzeug -INFO  * Detected change in 'c:\\users\\user\\desktop\\be project\\env\\Lib\\ctypes\\test\\test_keeprefs.py', reloading
[2024-05-02 17:54:35,524] 224 werkzeug -INFO  * Detected change in 'C:\\Users\\user\\Desktop\\BE Project\\env\\Lib\\ctypes\\test\\test_keeprefs.py', reloading
[2024-05-02 17:54:35,539] 224 werkzeug -INFO  * Detected change in 'c:\\users\\user\\desktop\\be project\\env\\Lib\\ctypes\\test\\test_libc.py', reloading
[2024-05-02 17:54:35,539] 224 werkzeug -INFO  * Detected change in 'C:\\Users\\user\\Desktop\\BE Project\\env\\Lib\\ctypes\\test\\test_libc.py', reloading
[2024-05-02 17:54:35,555] 224 werkzeug -INFO  * Detected change in 'c:\\users\\user\\desktop\\be project\\env\\Lib\\ctypes\\test\\test_loading.py', reloading
[2024-05-02 17:54:35,555] 224 werkzeug -INFO  * Detected change in 'C:\\Users\\user\\Desktop\\BE Project\\env\\Lib\\ctypes\\test\\test_loading.py', reloading
[2024-05-02 17:54:35,586] 224 werkzeug -INFO  * Detected change in 'C:\\Users\\user\\Desktop\\BE Project\\env\\Lib\\ctypes\\test\\test_macholib.py', reloading
[2024-05-02 17:54:35,586] 224 werkzeug -INFO  * Detected change in 'c:\\users\\user\\desktop\\be project\\env\\Lib\\ctypes\\test\\test_macholib.py', reloading
[2024-05-02 17:54:35,608] 224 werkzeug -INFO  * Detected change in 'c:\\users\\user\\desktop\\be project\\env\\Lib\\ctypes\\test\\test_memfunctions.py', reloading
[2024-05-02 17:54:35,608] 224 werkzeug -INFO  * Detected change in 'C:\\Users\\user\\Desktop\\BE Project\\env\\Lib\\ctypes\\test\\test_memfunctions.py', reloading
[2024-05-02 17:54:35,624] 224 werkzeug -INFO  * Detected change in 'c:\\users\\user\\desktop\\be project\\env\\Lib\\ctypes\\test\\test_numbers.py', reloading
[2024-05-02 17:54:35,624] 224 werkzeug -INFO  * Detected change in 'C:\\Users\\user\\Desktop\\BE Project\\env\\Lib\\ctypes\\test\\test_numbers.py', reloading
