[2024-05-02 17:54:55,505] 224 werkzeug -WARNING  * Debugger is active!
[2024-05-02 17:54:55,519] 224 werkzeug -INFO  * Debugger PIN: 118-119-026
[2024-05-02 17:54:55,559] 224 werkzeug -INFO  * Detected change in 'C:\\Users\\user\\Desktop\\BE Project\\env\\Lib\\site-packages\\pip\\_internal\\utils\\subprocess.py', reloading
[2024-05-02 17:54:55,559] 224 werkzeug -INFO  * Detected change in 'c:\\users\\user\\desktop\\be project\\env\\Lib\\site-packages\\pip\\_internal\\utils\\subprocess.py', reloading
[2024-05-02 17:54:55,591] 224 werkzeug -INFO  * Detected change in 'C:\\Users\\user\\Desktop\\BE Project\\env\\Lib\\site-packages\\pip\\_internal\\utils\\temp_dir.py', reloading
[2024-05-02 17:54:55,591] 224 werkzeug -INFO  * Detected change in 'c:\\users\\user\\desktop\\be project\\env\\Lib\\site-packages\\pip\\_internal\\utils\\temp_dir.py', reloading
[2024-05-02 17:54:55,607] 224 werkzeug -INFO  * Detected change in 'C:\\Users\\user\\Desktop\\BE Project\\env\\Lib\\site-packages\\pip\\_internal\\utils\\unpacking.py', reloading
[2024-05-02 17:54:55,607] 224 werkzeug -INFO  * Detected change in 'c:\\users\\user\\desktop\\be project\\env\\Lib\\site-packages\\pip\\_internal\\utils\\unpacking.py', reloading
[2024-05-02 17:54:55,638] 224 werkzeug -INFO  * Detected change in 'C:\\Users\\user\\Desktop\\BE Project\\env\\Lib\\site-packages\\pip\\_internal\\utils\\urls.py', reloading
[2024-05-02 17:54:55,638] 224 werkzeug -INFO  * Detected change in 'c:\\users\\user\\desktop\\be project\\env\\Lib\\site-packages\\pip\\_internal\\utils\\urls.py', reloading
[2024-05-02 17:54:55,638] 224 werkzeug -INFO  * Detected change in 'C:\\Users\\user\\Desktop\\BE Project\\env\\Lib\\site-packages\\pip\\_internal\\utils\\virtualenv.py', reloading
[2024-05-02 17:54:55,638] 224 werkzeug -INFO  * Detected change in 'c:\\users\\user\\desktop\\be project\\env\\Lib\\site-packages\\pip\\_internal\\utils\\virtualenv.py', reloading
[2024-05-02 17:54:55,653] 224 werkzeug -INFO  * Detected change in 'C:\\Users\\user\\Desktop\\BE Project\\env\\Lib\\site-packages\\pip\\_internal\\utils\\wheel.py', reloading
[2024-05-02 17:54:55,653] 224 werkzeug -INFO  * Detected change in 'c:\\users\\user\\desktop\\be project\\env\\Lib\\site-packages\\pip\\_internal\\utils\\wheel.py', reloading
[2024-05-02 17:54:55,676] 224 werkzeug -INFO  * Detected change in 'c:\\users\\user\\desktop\\be project\\env\\Lib\\site-packages\\pip\\_internal\\vcs\\__init__.py', reloading
[2024-05-02 17:54:55,676] 224 werkzeug -INFO  * Detected change in 'C:\\Users\\user\\Desktop\\BE Project\\env\\Lib\\site-packages\\pip\\_internal\\vcs\\__init__.py', reloading
[2024-05-02 17:54:55,707] 224 werkzeug -INFO  * Detected change in 'C:\\Users\\user\\Desktop\\BE Project\\env\\Lib\\site-packages\\pip\\_internal\\vcs\\bazaar.py', reloading
[2024-05-02 17:54:55,707] 224 werkzeug -INFO  * Detected change in 'c:\\users\\user\\desktop\\be project\\env\\Lib\\site-packages\\pip\\_internal\\vcs\\bazaar.py', reloading
[2024-05-02 17:54:55,722] 224 werkzeug -INFO  * Detected change in 'C:\\Users\\user\\Desktop\\BE Project\\env\\Lib\\site-packages\\pip\\_internal\\vcs\\git.py', reloading
[2024-05-02 17:54:55,722] 224 werkzeug -INFO  * Detected change in 'c:\\users\\user\\desktop\\be project\\env\\Lib\\site-packages\\pip\\_internal\\vcs\\git.py', reloading
[2024-05-02 17:54:55,769] 224 werkzeug -INFO  * Detected change in 'C:\\Users\\user\\Desktop\\BE Project\\env\\Lib\\site-packages\\pip\\_internal\\vcs\\mercurial.py', reloading
[2024-05-02 17:54:55,769] 224 werkzeug -INFO  * Detected change in 'c:\\users\\user\\desktop\\be project\\env\\Lib\\site-packages\\pip\\_internal\\vcs\\mercurial.py', reloading
[2024-05-02 17:54:55,776] 224 werkzeug -INFO  * Detected change in 'c:\\users\\user\\desktop\\be project\\env\\Lib\\site-packages\\pip\\_internal\\vcs\\subversion.py', reloading
[2024-05-02 17:54:55,776] 224 werkzeug -INFO  * Detected change in 'C:\\Users\\user\\Desktop\\BE Project\\env\\Lib\\site-packages\\pip\\_internal\\vcs\\subversion.py', reloading
[2024-05-02 17:54:55,807] 224 werkzeug -INFO  * Detected change in 'C:\\Users\\user\\Desktop\\BE Project\\env\\Lib\\site-packages\\pip\\_internal\\vcs\\versioncontrol.py', reloading
[2024-05-02 17:54:55,807] 224 werkzeug -INFO  * Detected change in 'c:\\users\\user\\desktop\\be project\\env\\Lib\\site-packages\\pip\\_internal\\vcs\\versioncontrol.py', reloading
[2024-05-02 17:54:55,838] 224 werkzeug -INFO  * Detected change in 'c:\\users\\user\\desktop\\be project\\env\\Lib\\site-packages\\pip\\_vendor\\__init__.py', reloading
[2024-05-02 17:54:55,838] 224 werkzeug -INFO  * Detected change in 'C:\\Users\\user\\Desktop\\BE Project\\env\\Lib\\site-packages\\pip\\_vendor\\__init__.py', reloading
[2024-05-02 17:54:55,854] 224 werkzeug -INFO  * Detected change in 'c:\\users\\user\\desktop\\be project\\env\\Lib\\site-packages\\pip\\_vendor\\six.py', reloading
[2024-05-02 17:54:55,854] 224 werkzeug -INFO  * Detected change in 'C:\\Users\\user\\Desktop\\BE Project\\env\\Lib\\site-packages\\pip\\_vendor\\six.py', reloading
[2024-05-02 17:54:55,907] 224 werkzeug -INFO  * Detected change in 'c:\\users\\user\\desktop\\be project\\env\\Lib\\site-packages\\pip\\_vendor\\typing_extensions.py', reloading
[2024-05-02 17:54:55,907] 224 werkzeug -INFO  * Detected change in 'C:\\Users\\user\\Desktop\\BE Project\\env\\Lib\\site-packages\\pip\\_vendor\\typing_extensions.py', reloading
[2024-05-02 17:54:56,055] 224 werkzeug -INFO  * Detected change in 'c:\\users\\user\\desktop\\be project\\env\\Lib\\site-packages\\pip\\_vendor\\cachecontrol\\__init__.py', reloading
[2024-05-02 17:54:56,055] 224 werkzeug -INFO  * Detected change in 'C:\\Users\\user\\Desktop\\BE Project\\env\\Lib\\site-packages\\pip\\_vendor\\cachecontrol\\__init__.py', reloading
[2024-05-02 17:54:56,077] 224 werkzeug -INFO  * Detected change in 'c:\\users\\user\\desktop\\be project\\env\\Lib\\site-packages\\pip\\_vendor\\cachecontrol\\_cmd.py', reloading
[2024-05-02 17:54:56,077] 224 werkzeug -INFO  * Detected change in 'C:\\Users\\user\\Desktop\\BE Project\\env\\Lib\\site-packages\\pip\\_vendor\\cachecontrol\\_cmd.py', reloading
[2024-05-02 17:54:56,077] 224 werkzeug -INFO  * Detected change in 'C:\\Users\\user\\Desktop\\BE Project\\env\\Lib\\site-packages\\pip\\_vendor\\cachecontrol\\adapter.py', reloading
[2024-05-02 17:54:56,077] 224 werkzeug -INFO  * Detected change in 'c:\\users\\user\\desktop\\be project\\env\\Lib\\site-packages\\pip\\_vendor\\cachecontrol\\adapter.py', reloading
[2024-05-02 17:54:56,240] 224 werkzeug -INFO  * Detected change in 'c:\\users\\user\\desktop\\be project\\env\\Lib\\site-packages\\pip\\_vendor\\cachecontrol\\cache.py', reloading
[2024-05-02 17:54:56,240] 224 werkzeug -INFO  * Detected change in 'C:\\Users\\user\\Desktop\\BE Project\\env\\Lib\\site-packages\\pip\\_vendor\\cachecontrol\\cache.py', reloading
[2024-05-02 17:54:56,240] 224 werkzeug -INFO  * Detected change in 'C:\\Users\\user\\Desktop\\BE Project\\env\\Lib\\site-packages\\pip\\_vendor\\cachecontrol\\controller.py', reloading
[2024-05-02 17:54:56,240] 224 werkzeug -INFO  * Detected change in 'c:\\users\\user\\desktop\\be project\\env\\Lib\\site-packages\\pip\\_vendor\\cachecontrol\\controller.py', reloading
[2024-05-02 17:54:56,278] 224 werkzeug -INFO  * Detected change in 'c:\\users\\user\\desktop\\be project\\env\\Lib\\site-packages\\pip\\_vendor\\cachecontrol\\filewrapper.py', reloading
[2024-05-02 17:54:56,278] 224 werkzeug -INFO  * Detected change in 'C:\\Users\\user\\Desktop\\BE Project\\env\\Lib\\site-packages\\pip\\_vendor\\cachecontrol\\filewrapper.py', reloading
[2024-05-02 17:54:56,293] 224 werkzeug -INFO  * Detected change in 'C:\\Users\\user\\Desktop\\BE Project\\env\\Lib\\site-packages\\pip\\_vendor\\cachecontrol\\heuristics.py', reloading
[2024-05-02 17:54:56,293] 224 werkzeug -INFO  * Detected change in 'c:\\users\\user\\desktop\\be project\\env\\Lib\\site-packages\\pip\\_vendor\\cachecontrol\\heuristics.py', reloading
[2024-05-02 17:54:56,309] 224 werkzeug -INFO  * Detected change in 'c:\\users\\user\\desktop\\be project\\env\\Lib\\site-packages\\pip\\_vendor\\cachecontrol\\serialize.py', reloading
[2024-05-02 17:54:56,309] 224 werkzeug -INFO  * Detected change in 'C:\\Users\\user\\Desktop\\BE Project\\env\\Lib\\site-packages\\pip\\_vendor\\cachecontrol\\serialize.py', reloading
[2024-05-02 17:54:56,324] 224 werkzeug -INFO  * Detected change in 'c:\\users\\user\\desktop\\be project\\env\\Lib\\site-packages\\pip\\_vendor\\cachecontrol\\wrapper.py', reloading
[2024-05-02 17:54:56,324] 224 werkzeug -INFO  * Detected change in 'C:\\Users\\user\\Desktop\\BE Project\\env\\Lib\\site-packages\\pip\\_vendor\\cachecontrol\\wrapper.py', reloading
[2024-05-02 17:54:56,324] 224 werkzeug -INFO  * Detected change in 'c:\\users\\user\\desktop\\be project\\env\\Lib\\site-packages\\pip\\_vendor\\cachecontrol\\caches\\__init__.py', reloading
[2024-05-02 17:54:56,324] 224 werkzeug -INFO  * Detected change in 'C:\\Users\\user\\Desktop\\BE Project\\env\\Lib\\site-packages\\pip\\_vendor\\cachecontrol\\caches\\__init__.py', reloading
[2024-05-02 17:54:56,457] 224 werkzeug -INFO  * Detected change in 'C:\\Users\\user\\Desktop\\BE Project\\env\\Lib\\site-packages\\pip\\_vendor\\cachecontrol\\caches\\file_cache.py', reloading
[2024-05-02 17:54:56,457] 224 werkzeug -INFO  * Detected change in 'c:\\users\\user\\desktop\\be project\\env\\Lib\\site-packages\\pip\\_vendor\\cachecontrol\\caches\\file_cache.py', reloading
[2024-05-02 17:54:56,479] 224 werkzeug -INFO  * Detected change in 'c:\\users\\user\\desktop\\be project\\env\\Lib\\site-packages\\pip\\_vendor\\cachecontrol\\caches\\redis_cache.py', reloading
[2024-05-02 17:54:56,479] 224 werkzeug -INFO  * Detected change in 'C:\\Users\\user\\Desktop\\BE Project\\env\\Lib\\site-packages\\pip\\_vendor\\cachecontrol\\caches\\redis_cache.py', reloading
[2024-05-02 17:54:56,479] 224 werkzeug -INFO  * Detected change in 'c:\\users\\user\\desktop\\be project\\env\\Lib\\site-packages\\pip\\_vendor\\certifi\\__init__.py', reloading
[2024-05-02 17:54:56,479] 224 werkzeug -INFO  * Detected change in 'C:\\Users\\user\\Desktop\\BE Project\\env\\Lib\\site-packages\\pip\\_vendor\\certifi\\__init__.py', reloading
[2024-05-02 17:54:56,494] 224 werkzeug -INFO  * Detected change in 'c:\\users\\user\\desktop\\be project\\env\\Lib\\site-packages\\pip\\_vendor\\certifi\\__main__.py', reloading
[2024-05-02 17:54:56,494] 224 werkzeug -INFO  * Detected change in 'C:\\Users\\user\\Desktop\\BE Project\\env\\Lib\\site-packages\\pip\\_vendor\\certifi\\__main__.py', reloading
