[2024-03-02 19:49:17,187] 224 werkzeug -WARNING  * Debugger is active!
[2024-03-02 19:49:17,195] 224 werkzeug -INFO  * Debugger PIN: 420-491-295
[2024-03-02 19:49:17,251] 224 werkzeug -INFO  * Detected change in 'D:\\DevOps\\Project\\BE Project\\Outfit Recommendation\\env\\Lib\\site-packages\\fontTools\\misc\\visitor.py', reloading
[2024-03-02 19:49:17,275] 224 werkzeug -INFO  * Detected change in 'D:\\DevOps\\Project\\BE Project\\Outfit Recommendation\\env\\Lib\\site-packages\\fontTools\\misc\\xmlReader.py', reloading
[2024-03-02 19:49:17,299] 224 werkzeug -INFO  * Detected change in 'D:\\DevOps\\Project\\BE Project\\Outfit Recommendation\\env\\Lib\\site-packages\\fontTools\\misc\\xmlWriter.py', reloading
[2024-03-02 19:49:17,327] 224 werkzeug -INFO  * Detected change in 'D:\\DevOps\\Project\\BE Project\\Outfit Recommendation\\env\\Lib\\site-packages\\fontTools\\misc\\plistlib\\__init__.py', reloading
[2024-03-02 19:49:17,363] 224 werkzeug -INFO  * Detected change in 'D:\\DevOps\\Project\\BE Project\\Outfit Recommendation\\env\\Lib\\site-packages\\fontTools\\mtiLib\\__init__.py', reloading
[2024-03-02 19:49:17,411] 224 werkzeug -INFO  * Detected change in 'D:\\DevOps\\Project\\BE Project\\Outfit Recommendation\\env\\Lib\\site-packages\\fontTools\\mtiLib\\__main__.py', reloading
[2024-03-02 19:49:17,423] 224 werkzeug -INFO  * Detected change in 'D:\\DevOps\\Project\\BE Project\\Outfit Recommendation\\env\\Lib\\site-packages\\fontTools\\otlLib\\__init__.py', reloading
[2024-03-02 19:49:17,443] 224 werkzeug -INFO  * Detected change in 'D:\\DevOps\\Project\\BE Project\\Outfit Recommendation\\env\\Lib\\site-packages\\fontTools\\otlLib\\builder.py', reloading
[2024-03-02 19:49:17,515] 224 werkzeug -INFO  * Detected change in 'D:\\DevOps\\Project\\BE Project\\Outfit Recommendation\\env\\Lib\\site-packages\\fontTools\\otlLib\\error.py', reloading
[2024-03-02 19:49:17,531] 224 werkzeug -INFO  * Detected change in 'D:\\DevOps\\Project\\BE Project\\Outfit Recommendation\\env\\Lib\\site-packages\\fontTools\\otlLib\\maxContextCalc.py', reloading
[2024-03-02 19:49:17,547] 224 werkzeug -INFO  * Detected change in 'D:\\DevOps\\Project\\BE Project\\Outfit Recommendation\\env\\Lib\\site-packages\\fontTools\\otlLib\\optimize\\__init__.py', reloading
[2024-03-02 19:49:17,559] 224 werkzeug -INFO  * Detected change in 'D:\\DevOps\\Project\\BE Project\\Outfit Recommendation\\env\\Lib\\site-packages\\fontTools\\otlLib\\optimize\\__main__.py', reloading
[2024-03-02 19:49:17,579] 224 werkzeug -INFO  * Detected change in 'D:\\DevOps\\Project\\BE Project\\Outfit Recommendation\\env\\Lib\\site-packages\\fontTools\\otlLib\\optimize\\gpos.py', reloading
[2024-03-02 19:49:17,599] 224 werkzeug -INFO  * Detected change in 'D:\\DevOps\\Project\\BE Project\\Outfit Recommendation\\env\\Lib\\site-packages\\fontTools\\pens\\__init__.py', reloading
[2024-03-02 19:49:17,615] 224 werkzeug -INFO  * Detected change in 'D:\\DevOps\\Project\\BE Project\\Outfit Recommendation\\env\\Lib\\site-packages\\fontTools\\pens\\areaPen.py', reloading
[2024-03-02 19:49:17,631] 224 werkzeug -INFO  * Detected change in 'D:\\DevOps\\Project\\BE Project\\Outfit Recommendation\\env\\Lib\\site-packages\\fontTools\\pens\\basePen.py', reloading
[2024-03-02 19:49:17,659] 224 werkzeug -INFO  * Detected change in 'D:\\DevOps\\Project\\BE Project\\Outfit Recommendation\\env\\Lib\\site-packages\\fontTools\\pens\\boundsPen.py', reloading
[2024-03-02 19:49:17,675] 224 werkzeug -INFO  * Detected change in 'D:\\DevOps\\Project\\BE Project\\Outfit Recommendation\\env\\Lib\\site-packages\\fontTools\\pens\\cairoPen.py', reloading
[2024-03-02 19:49:17,687] 224 werkzeug -INFO  * Detected change in 'D:\\DevOps\\Project\\BE Project\\Outfit Recommendation\\env\\Lib\\site-packages\\fontTools\\pens\\cocoaPen.py', reloading
[2024-03-02 19:49:17,703] 224 werkzeug -INFO  * Detected change in 'D:\\DevOps\\Project\\BE Project\\Outfit Recommendation\\env\\Lib\\site-packages\\fontTools\\pens\\cu2quPen.py', reloading
[2024-03-02 19:49:17,723] 224 werkzeug -INFO  * Detected change in 'D:\\DevOps\\Project\\BE Project\\Outfit Recommendation\\env\\Lib\\site-packages\\fontTools\\pens\\explicitClosingLinePen.py', reloading
[2024-03-02 19:49:17,735] 224 werkzeug -INFO  * Detected change in 'D:\\DevOps\\Project\\BE Project\\Outfit Recommendation\\env\\Lib\\site-packages\\fontTools\\pens\\filterPen.py', reloading
[2024-03-02 19:49:17,755] 224 werkzeug -INFO  * Detected change in 'D:\\DevOps\\Project\\BE Project\\Outfit Recommendation\\env\\Lib\\site-packages\\fontTools\\pens\\freetypePen.py', reloading
[2024-03-02 19:49:17,779] 224 werkzeug -INFO  * Detected change in 'D:\\DevOps\\Project\\BE Project\\Outfit Recommendation\\env\\Lib\\site-packages\\fontTools\\pens\\hashPointPen.py', reloading
[2024-03-02 19:49:17,795] 224 werkzeug -INFO  * Detected change in 'D:\\DevOps\\Project\\BE Project\\Outfit Recommendation\\env\\Lib\\site-packages\\fontTools\\pens\\momentsPen.py', reloading
[2024-03-02 19:49:17,823] 224 werkzeug -INFO  * Detected change in 'D:\\DevOps\\Project\\BE Project\\Outfit Recommendation\\env\\Lib\\site-packages\\fontTools\\pens\\perimeterPen.py', reloading
[2024-03-02 19:49:17,843] 224 werkzeug -INFO  * Detected change in 'D:\\DevOps\\Project\\BE Project\\Outfit Recommendation\\env\\Lib\\site-packages\\fontTools\\pens\\pointInsidePen.py', reloading
[2024-03-02 19:49:17,859] 224 werkzeug -INFO  * Detected change in 'D:\\DevOps\\Project\\BE Project\\Outfit Recommendation\\env\\Lib\\site-packages\\fontTools\\pens\\pointPen.py', reloading
[2024-03-02 19:49:17,883] 224 werkzeug -INFO  * Detected change in 'D:\\DevOps\\Project\\BE Project\\Outfit Recommendation\\env\\Lib\\site-packages\\fontTools\\pens\\qtPen.py', reloading
[2024-03-02 19:49:17,899] 224 werkzeug -INFO  * Detected change in 'D:\\DevOps\\Project\\BE Project\\Outfit Recommendation\\env\\Lib\\site-packages\\fontTools\\pens\\qu2cuPen.py', reloading
[2024-03-02 19:49:17,915] 224 werkzeug -INFO  * Detected change in 'D:\\DevOps\\Project\\BE Project\\Outfit Recommendation\\env\\Lib\\site-packages\\fontTools\\pens\\quartzPen.py', reloading
[2024-03-02 19:49:17,935] 224 werkzeug -INFO  * Detected change in 'D:\\DevOps\\Project\\BE Project\\Outfit Recommendation\\env\\Lib\\site-packages\\fontTools\\pens\\recordingPen.py', reloading
[2024-03-02 19:49:17,955] 224 werkzeug -INFO  * Detected change in 'D:\\DevOps\\Project\\BE Project\\Outfit Recommendation\\env\\Lib\\site-packages\\fontTools\\pens\\reportLabPen.py', reloading
[2024-03-02 19:49:17,979] 224 werkzeug -INFO  * Detected change in 'D:\\DevOps\\Project\\BE Project\\Outfit Recommendation\\env\\Lib\\site-packages\\fontTools\\pens\\reverseContourPen.py', reloading
[2024-03-02 19:49:17,999] 224 werkzeug -INFO  * Detected change in 'D:\\DevOps\\Project\\BE Project\\Outfit Recommendation\\env\\Lib\\site-packages\\fontTools\\pens\\roundingPen.py', reloading
[2024-03-02 19:49:18,015] 224 werkzeug -INFO  * Detected change in 'D:\\DevOps\\Project\\BE Project\\Outfit Recommendation\\env\\Lib\\site-packages\\fontTools\\pens\\statisticsPen.py', reloading
[2024-03-02 19:49:18,043] 224 werkzeug -INFO  * Detected change in 'D:\\DevOps\\Project\\BE Project\\Outfit Recommendation\\env\\Lib\\site-packages\\fontTools\\pens\\svgPathPen.py', reloading
[2024-03-02 19:49:18,059] 224 werkzeug -INFO  * Detected change in 'D:\\DevOps\\Project\\BE Project\\Outfit Recommendation\\env\\Lib\\site-packages\\fontTools\\pens\\t2CharStringPen.py', reloading
[2024-03-02 19:49:18,079] 224 werkzeug -INFO  * Detected change in 'D:\\DevOps\\Project\\BE Project\\Outfit Recommendation\\env\\Lib\\site-packages\\fontTools\\pens\\teePen.py', reloading
[2024-03-02 19:49:18,091] 224 werkzeug -INFO  * Detected change in 'D:\\DevOps\\Project\\BE Project\\Outfit Recommendation\\env\\Lib\\site-packages\\fontTools\\pens\\transformPen.py', reloading
[2024-03-02 19:49:18,107] 224 werkzeug -INFO  * Detected change in 'D:\\DevOps\\Project\\BE Project\\Outfit Recommendation\\env\\Lib\\site-packages\\fontTools\\pens\\ttGlyphPen.py', reloading
[2024-03-02 19:49:18,127] 224 werkzeug -INFO  * Detected change in 'D:\\DevOps\\Project\\BE Project\\Outfit Recommendation\\env\\Lib\\site-packages\\fontTools\\pens\\wxPen.py', reloading
[2024-03-02 19:49:18,139] 224 werkzeug -INFO  * Detected change in 'D:\\DevOps\\Project\\BE Project\\Outfit Recommendation\\env\\Lib\\site-packages\\fontTools\\qu2cu\\__init__.py', reloading
[2024-03-02 19:49:18,151] 224 werkzeug -INFO  * Detected change in 'D:\\DevOps\\Project\\BE Project\\Outfit Recommendation\\env\\Lib\\site-packages\\fontTools\\qu2cu\\qu2cu.py', reloading
[2024-03-02 19:49:18,171] 224 werkzeug -INFO  * Detected change in 'D:\\DevOps\\Project\\BE Project\\Outfit Recommendation\\env\\Lib\\site-packages\\fontTools\\qu2cu\\__main__.py', reloading
[2024-03-02 19:49:18,187] 224 werkzeug -INFO  * Detected change in 'D:\\DevOps\\Project\\BE Project\\Outfit Recommendation\\env\\Lib\\site-packages\\fontTools\\qu2cu\\benchmark.py', reloading
[2024-03-02 19:49:18,207] 224 werkzeug -INFO  * Detected change in 'D:\\DevOps\\Project\\BE Project\\Outfit Recommendation\\env\\Lib\\site-packages\\fontTools\\qu2cu\\cli.py', reloading
[2024-03-02 19:49:18,235] 224 werkzeug -INFO  * Detected change in 'D:\\DevOps\\Project\\BE Project\\Outfit Recommendation\\env\\Lib\\site-packages\\fontTools\\subset\\__init__.py', reloading
