[2024-03-15 10:55:28,137] 224 werkzeug -WARNING  * Debugger is active!
[2024-03-15 10:55:28,153] 224 werkzeug -INFO  * Debugger PIN: 589-365-646
[2024-03-15 10:55:28,276] 224 werkzeug -INFO  * Detected change in 'C:\\ProgramData\\anaconda3\\Lib\\site-packages\\transformers\\__init__.py', reloading
[2024-03-15 10:55:28,284] 224 werkzeug -INFO  * Detected change in 'C:\\ProgramData\\anaconda3\\Lib\\site-packages\\twisted\\__init__.py', reloading
[2024-03-15 10:55:28,298] 224 werkzeug -INFO  * Detected change in 'C:\\ProgramData\\anaconda3\\Lib\\site-packages\\tzdata\\__init__.py', reloading
[2024-03-15 10:55:28,308] 224 werkzeug -INFO  * Detected change in 'C:\\ProgramData\\anaconda3\\Lib\\site-packages\\uc_micro\\__init__.py', reloading
[2024-03-15 10:55:28,320] 224 werkzeug -INFO  * Detected change in 'C:\\ProgramData\\anaconda3\\Lib\\site-packages\\urllib3\\__init__.py', reloading
[2024-03-15 10:55:28,341] 224 werkzeug -INFO  * Detected change in 'C:\\ProgramData\\anaconda3\\Lib\\site-packages\\urllib3\\connectionpool.py', reloading
[2024-03-15 10:55:28,370] 224 werkzeug -INFO  * Detected change in 'C:\\ProgramData\\anaconda3\\Lib\\site-packages\\urllib3\\filepost.py', reloading
[2024-03-15 10:55:28,382] 224 werkzeug -INFO  * Detected change in 'C:\\ProgramData\\anaconda3\\Lib\\site-packages\\urllib3\\poolmanager.py', reloading
[2024-03-15 10:55:28,400] 224 werkzeug -INFO  * Detected change in 'C:\\ProgramData\\anaconda3\\Lib\\site-packages\\urllib3\\response.py', reloading
[2024-03-15 10:55:28,425] 224 werkzeug -INFO  * Detected change in 'C:\\ProgramData\\anaconda3\\Lib\\site-packages\\urllib3\\util\\request.py', reloading
[2024-03-15 10:55:28,448] 224 werkzeug -INFO  * Detected change in 'C:\\ProgramData\\anaconda3\\Lib\\site-packages\\urllib3\\util\\retry.py', reloading
[2024-03-15 10:55:28,468] 224 werkzeug -INFO  * Detected change in 'C:\\ProgramData\\anaconda3\\Lib\\site-packages\\urllib3\\util\\timeout.py', reloading
[2024-03-15 10:55:28,482] 224 werkzeug -INFO  * Detected change in 'C:\\ProgramData\\anaconda3\\Lib\\site-packages\\urllib3\\util\\url.py', reloading
[2024-03-15 10:55:28,493] 224 werkzeug -INFO  * Detected change in 'C:\\ProgramData\\anaconda3\\Lib\\site-packages\\w3lib\\__init__.py', reloading
[2024-03-15 10:55:28,503] 224 werkzeug -INFO  * Detected change in 'C:\\ProgramData\\anaconda3\\Lib\\site-packages\\watchdog\\__init__.py', reloading
[2024-03-15 10:55:28,514] 224 werkzeug -INFO  * Detected change in 'C:\\ProgramData\\anaconda3\\Lib\\site-packages\\wcwidth\\__init__.py', reloading
[2024-03-15 10:55:28,520] 224 werkzeug -INFO  * Detected change in 'C:\\ProgramData\\anaconda3\\Lib\\site-packages\\wcwidth\\wcwidth.py', reloading
[2024-03-15 10:55:28,546] 224 werkzeug -INFO  * Detected change in 'C:\\ProgramData\\anaconda3\\Lib\\site-packages\\wcwidth\\unicode_versions.py', reloading
[2024-03-15 10:55:28,558] 224 werkzeug -INFO  * Detected change in 'C:\\ProgramData\\anaconda3\\Lib\\site-packages\\webencodings\\__init__.py', reloading
[2024-03-15 10:55:28,567] 224 werkzeug -INFO  * Detected change in 'C:\\ProgramData\\anaconda3\\Lib\\site-packages\\websocket\\__init__.py', reloading
[2024-03-15 10:55:28,571] 224 werkzeug -INFO  * Detected change in 'C:\\ProgramData\\anaconda3\\Lib\\site-packages\\werkzeug\\__init__.py', reloading
[2024-03-15 10:55:28,586] 224 werkzeug -INFO  * Detected change in 'C:\\ProgramData\\anaconda3\\Lib\\site-packages\\werkzeug\\serving.py', reloading
[2024-03-15 10:55:28,612] 224 werkzeug -INFO  * Detected change in 'C:\\ProgramData\\anaconda3\\Lib\\site-packages\\werkzeug\\test.py', reloading
[2024-03-15 10:55:28,642] 224 werkzeug -INFO  * Detected change in 'C:\\ProgramData\\anaconda3\\Lib\\site-packages\\wheel\\__init__.py', reloading
[2024-03-15 10:55:28,654] 224 werkzeug -INFO  * Detected change in 'C:\\ProgramData\\anaconda3\\Lib\\site-packages\\widgetsnbextension\\__init__.py', reloading
[2024-03-15 10:55:28,663] 224 werkzeug -INFO  * Detected change in 'C:\\ProgramData\\anaconda3\\Lib\\site-packages\\win32ctypes\\__init__.py', reloading
[2024-03-15 10:55:28,671] 224 werkzeug -INFO  * Detected change in 'C:\\ProgramData\\anaconda3\\Lib\\site-packages\\winpty\\__init__.py', reloading
[2024-03-15 10:55:28,682] 224 werkzeug -INFO  * Detected change in 'C:\\ProgramData\\anaconda3\\Lib\\site-packages\\wrapt\\__init__.py', reloading
[2024-03-15 10:55:28,693] 224 werkzeug -INFO  * Detected change in 'C:\\ProgramData\\anaconda3\\Lib\\site-packages\\xarray\\__init__.py', reloading
[2024-03-15 10:55:28,748] 224 werkzeug -INFO  * Detected change in 'C:\\ProgramData\\anaconda3\\Lib\\site-packages\\xarray\\backends\\api.py', reloading
[2024-03-15 10:55:28,793] 224 werkzeug -INFO  * Detected change in 'C:\\ProgramData\\anaconda3\\Lib\\site-packages\\xarray\\backends\\zarr.py', reloading
[2024-03-15 10:55:28,820] 224 werkzeug -INFO  * Detected change in 'C:\\ProgramData\\anaconda3\\Lib\\site-packages\\xarray\\coding\\cftime_offsets.py', reloading
[2024-03-15 10:55:28,847] 224 werkzeug -INFO  * Detected change in 'C:\\ProgramData\\anaconda3\\Lib\\site-packages\\xarray\\coding\\cftimeindex.py', reloading
[2024-03-15 10:55:28,864] 224 werkzeug -INFO  * Detected change in 'C:\\ProgramData\\anaconda3\\Lib\\site-packages\\xarray\\coding\\frequencies.py', reloading
[2024-03-15 10:55:28,883] 224 werkzeug -INFO  * Detected change in 'C:\\ProgramData\\anaconda3\\Lib\\site-packages\\xarray\\conventions.py', reloading
[2024-03-15 10:55:28,905] 224 werkzeug -INFO  * Detected change in 'C:\\ProgramData\\anaconda3\\Lib\\site-packages\\xarray\\coding\\variables.py', reloading
[2024-03-15 10:55:28,925] 224 werkzeug -INFO  * Detected change in 'C:\\ProgramData\\anaconda3\\Lib\\site-packages\\xarray\\core\\alignment.py', reloading
[2024-03-15 10:55:28,946] 224 werkzeug -INFO  * Detected change in 'C:\\ProgramData\\anaconda3\\Lib\\site-packages\\xarray\\core\\combine.py', reloading
[2024-03-15 10:55:28,967] 224 werkzeug -INFO  * Detected change in 'C:\\ProgramData\\anaconda3\\Lib\\site-packages\\xarray\\core\\common.py', reloading
[2024-03-15 10:55:28,997] 224 werkzeug -INFO  * Detected change in 'C:\\ProgramData\\anaconda3\\Lib\\site-packages\\xarray\\core\\computation.py', reloading
[2024-03-15 10:55:29,023] 224 werkzeug -INFO  * Detected change in 'C:\\ProgramData\\anaconda3\\Lib\\site-packages\\xarray\\core\\concat.py', reloading
[2024-03-15 10:55:29,060] 224 werkzeug -INFO  * Detected change in 'C:\\ProgramData\\anaconda3\\Lib\\site-packages\\xarray\\core\\dataarray.py', reloading
[2024-03-15 10:55:29,135] 224 werkzeug -INFO  * Detected change in 'C:\\ProgramData\\anaconda3\\Lib\\site-packages\\xarray\\core\\dataset.py', reloading
[2024-03-15 10:55:29,176] 224 werkzeug -INFO  * Detected change in 'C:\\ProgramData\\anaconda3\\Lib\\site-packages\\xarray\\core\\extensions.py', reloading
[2024-03-15 10:55:29,188] 224 werkzeug -INFO  * Detected change in 'C:\\ProgramData\\anaconda3\\Lib\\site-packages\\xarray\\core\\merge.py', reloading
[2024-03-15 10:55:29,203] 224 werkzeug -INFO  * Detected change in 'C:\\ProgramData\\anaconda3\\Lib\\site-packages\\xarray\\core\\options.py', reloading
[2024-03-15 10:55:29,220] 224 werkzeug -INFO  * Detected change in 'C:\\ProgramData\\anaconda3\\Lib\\site-packages\\xarray\\core\\parallel.py', reloading
[2024-03-15 10:55:29,244] 224 werkzeug -INFO  * Detected change in 'C:\\ProgramData\\anaconda3\\Lib\\site-packages\\xarray\\core\\variable.py', reloading
